2020-06-25 15:27:54 +0000  Initial pipeline context: <IDEDistributionProcessingPipelineContext: 0x7ff8c3705310; archive(resolved)='<IDEArchive: 0x7ff8dcb754f0>', distributionTask(resolved)='2', distributionDestination(resolved)='1', distributionMethod(resolved)='<IDEDistributionMethodDevelopmentSigned: 0x7ff8db4b1120>', team(resolved)='<IDEProvisioningDisambiguatableBasicTeam: 0x7ff8d9444310; teamID='PY4645385H', teamName='Clearent, LLC', teamType='Company', username='jwillard@clearent.com', isFreeProvisioningTeam='0'>'>
	Chain (13, self inclusive):
	<IDEDistributionProcessingPipelineContext: 0x7ff8c3705310; archive = '<IDEArchive: 0x7ff8dcb754f0>', distributionMethod='<IDEDistributionMethodDevelopmentSigned: 0x7ff8db4b1120>', team='<IDEProvisioningDisambiguatableBasicTeam: 0x7ff8d9444310; teamID='PY4645385H', teamName='Clearent, LLC', teamType='Company', username='jwillard@clearent.com', isFreeProvisioningTeam='0'>'>
	<IDEDistributionProcessingPipelineContext: 0x7ff8c1d186a0; archive = '<IDEArchive: 0x7ff8dcb754f0>', distributionMethod='<IDEDistributionMethodDevelopmentSigned: 0x7ff8db4b1120>', team='<IDEProvisioningDisambiguatableBasicTeam: 0x7ff8d9444310; teamID='PY4645385H', teamName='Clearent, LLC', teamType='Company', username='jwillard@clearent.com', isFreeProvisioningTeam='0'>'>
	<IDEDistributionContext: 0x7ff8c1d92a90; archive = '<IDEArchive: 0x7ff8dcb754f0>', distributionMethod='<IDEDistributionMethodDevelopmentSigned: 0x7ff8db4b1120>', team='<IDEProvisioningDisambiguatableBasicTeam: 0x7ff8d9444310; teamID='PY4645385H', teamName='Clearent, LLC', teamType='Company', username='jwillard@clearent.com', isFreeProvisioningTeam='0'>'>
	<IDEDistributionContext: 0x7ff8c2ae4440; archive = '<IDEArchive: 0x7ff8dcb754f0>', distributionMethod='<IDEDistributionMethodDevelopmentSigned: 0x7ff8db4b1120>', team='<IDEProvisioningDisambiguatableBasicTeam: 0x7ff8d9444310; teamID='PY4645385H', teamName='Clearent, LLC', teamType='Company', username='jwillard@clearent.com', isFreeProvisioningTeam='0'>'>
	<IDEDistributionContext: 0x7ff8c009ad20; archive = '<IDEArchive: 0x7ff8dcb754f0>', distributionMethod='<IDEDistributionMethodDevelopmentSigned: 0x7ff8db4b1120>', team='<IDEProvisioningDisambiguatableBasicTeam: 0x7ff8d9444310; teamID='PY4645385H', teamName='Clearent, LLC', teamType='Company', username='jwillard@clearent.com', isFreeProvisioningTeam='0'>'>
	<IDEDistributionContext: 0x7ff8c1d4f6f0; archive = '<IDEArchive: 0x7ff8dcb754f0>', distributionMethod='<IDEDistributionMethodDevelopmentSigned: 0x7ff8db4b1120>', team='<IDEProvisioningDisambiguatableBasicTeam: 0x7ff8d9444310; teamID='PY4645385H', teamName='Clearent, LLC', teamType='Company', username='jwillard@clearent.com', isFreeProvisioningTeam='0'>'>
	<IDEDistributionContext: 0x7ff8c2f83720; archive = '<IDEArchive: 0x7ff8dcb754f0>', distributionMethod='<IDEDistributionMethodDevelopmentSigned: 0x7ff8db4b1120>', team='<IDEProvisioningDisambiguatableBasicTeam: 0x7ff8d9444310; teamID='PY4645385H', teamName='Clearent, LLC', teamType='Company', username='jwillard@clearent.com', isFreeProvisioningTeam='0'>'>
	<IDEDistributionContext: 0x7ff8c2c271b0; archive = '<IDEArchive: 0x7ff8dcb754f0>', distributionMethod='<IDEDistributionMethodDevelopmentSigned: 0x7ff8db4b1120>', team='<IDEProvisioningDisambiguatableBasicTeam: 0x7ff8d9444310; teamID='PY4645385H', teamName='Clearent, LLC', teamType='Company', username='jwillard@clearent.com', isFreeProvisioningTeam='0'>'>
	<IDEDistributionContext: 0x7ff8c00d03e0; archive = '<IDEArchive: 0x7ff8dcb754f0>', distributionMethod='<IDEDistributionMethodDevelopmentSigned: 0x7ff8db4b1120>', team='<IDEProvisioningDisambiguatableBasicTeam: 0x7ff8d9444310; teamID='PY4645385H', teamName='Clearent, LLC', teamType='Company', username='jwillard@clearent.com', isFreeProvisioningTeam='0'>'>
	<IDEDistributionContext: 0x7ff8c2b1a1e0; archive = '<IDEArchive: 0x7ff8dcb754f0>', distributionMethod='<IDEDistributionMethodDevelopmentSigned: 0x7ff8db4b1120>', team='(null)'>
	<IDEDistributionContext: 0x7ff8db104bb0; archive = '<IDEArchive: 0x7ff8dcb754f0>', distributionMethod='<IDEDistributionMethodDevelopmentSigned: 0x7ff8db4b1120>', team='(null)'>
	<IDEDistributionContext: 0x7ff8c1a64c00; archive = '<IDEArchive: 0x7ff8dcb754f0>', distributionMethod='<IDEDistributionMethodDevelopmentSigned: 0x7ff8db4b1120>', team='(null)'>
	<IDEDistributionContext: 0x7ff8c342d7d0; archive = '<IDEArchive: 0x7ff8dcb754f0>', distributionMethod='(null)', team='(null)'>
</IDEDistributionProcessingPipelineContext: 0x7ff8c3705310>
2020-06-25 15:27:54 +0000  Processing step: IDEDistributionCreateDestRootStep
2020-06-25 15:27:54 +0000  Processing step: IDEDistributionCopyItemStep
2020-06-25 15:27:54 +0000  Running /usr/bin/ditto '-V' '/Users/dhigginbotham/Library/Developer/Xcode/Archives/2020-06-25/VP3300 6-25-20, 10.27 AM.xcarchive/Products/Applications/VP3300.app' '/var/folders/2c/k4g7gjb55b1dk4gpyr3d86nc0000gq/T/XcodeDistPipeline.~~~bSU8a3/Root/Payload/VP3300.app'
2020-06-25 15:27:54 +0000  >>> Copying /Users/dhigginbotham/Library/Developer/Xcode/Archives/2020-06-25/VP3300 6-25-20, 10.27 AM.xcarchive/Products/Applications/VP3300.app 
2020-06-25 15:27:54 +0000  copying file ./_CodeSignature/CodeResources ... 
2020-06-25 15:27:54 +0000  12025 bytes for ./_CodeSignature/CodeResources
2020-06-25 15:27:54 +0000  copying file ./LaunchImage-3-700-568h@2x.png ... 
2020-06-25 15:27:54 +0000  15022 bytes for ./LaunchImage-3-700-568h@2x.png
copying file ./icon.png ... 
2020-06-25 15:27:54 +0000  6402 bytes for ./icon.png
2020-06-25 15:27:54 +0000  copying file ./Default-Portrait@2x.png ... 
2020-06-25 15:27:54 +0000  88290 bytes for ./Default-Portrait@2x.png
2020-06-25 15:27:54 +0000  copying file ./en.lproj/InfoPlist.strings ... 
2020-06-25 15:27:54 +0000  42 bytes for ./en.lproj/InfoPlist.strings
copying file ./en.lproj/ViewController_iPhone.nib ... 
2020-06-25 15:27:54 +0000  20284 bytes for ./en.lproj/ViewController_iPhone.nib
2020-06-25 15:27:54 +0000  copying file ./3591.png ... 
2020-06-25 15:27:54 +0000  12434 bytes for ./3591.png
copying file ./Default-Portrait.png ... 
2020-06-25 15:27:54 +0000  39590 bytes for ./Default-Portrait.png
copying file ./Default@2x.png ... 
2020-06-25 15:27:54 +0000  15901 bytes for ./Default@2x.png
copying file ./Icon-72.png ... 
2020-06-25 15:27:54 +0000  7697 bytes for ./Icon-72.png
copying file ./btnClear.png ... 
2020-06-25 15:27:54 +0000  260 bytes for ./btnClear.png
2020-06-25 15:27:54 +0000  copying file ./Icon@2x.png ... 
2020-06-25 15:27:54 +0000  11601 bytes for ./Icon@2x.png
2020-06-25 15:27:54 +0000  copying file ./Default-568h@2x.png ... 
2020-06-25 15:27:54 +0000  16636 bytes for ./Default-568h@2x.png
2020-06-25 15:27:54 +0000  copying file ./VP3300 ... 
2020-06-25 15:27:54 +0000  6847728 bytes for ./VP3300
copying file ./IDTechLogo.png ... 
2020-06-25 15:27:54 +0000  5867 bytes for ./IDTechLogo.png
copying file ./IDTechLogo.jpg ... 
6286 bytes for ./IDTechLogo.jpg
copying file ./2531170_191716885000_2.jpg ... 
75572 bytes for ./2531170_191716885000_2.jpg
copying file ./embedded.mobileprovision ... 
15638 bytes for ./embedded.mobileprovision
copying file ./Default.png ... 
2020-06-25 15:27:54 +0000  14524 bytes for ./Default.png
copying file ./Info.plist ... 
2020-06-25 15:27:54 +0000  1466 bytes for ./Info.plist
copying file ./PkgInfo ... 
2020-06-25 15:27:54 +0000  8 bytes for ./PkgInfo
2020-06-25 15:27:54 +0000  copying file ./IDTech.bundle/UniPay V1.00-EN.err ... 
2020-06-25 15:27:54 +0000  4527 bytes for ./IDTech.bundle/UniPay V1.00-EN.err
2020-06-25 15:27:54 +0000  copying file ./IDTech.bundle/1u.xml ... 
2020-06-25 15:27:54 +0000  55419 bytes for ./IDTech.bundle/1u.xml
2020-06-25 15:27:54 +0000  copying file ./IDTech.bundle/ResourceVersion.txt ... 
2020-06-25 15:27:54 +0000  35 bytes for ./IDTech.bundle/ResourceVersion.txt
2020-06-25 15:27:54 +0000  copying file ./IDTech.bundle/BTPay 200 V1.00-EN.err ... 
2020-06-25 15:27:54 +0000  4527 bytes for ./IDTech.bundle/BTPay 200 V1.00-EN.err
2020-06-25 15:27:54 +0000  copying file ./IDTech.bundle/InfoPlist.strings ... 
2020-06-25 15:27:54 +0000  42 bytes for ./IDTech.bundle/InfoPlist.strings
2020-06-25 15:27:54 +0000  copying file ./IDTech.bundle/3u.xml ... 
2020-06-25 15:27:54 +0000  55631 bytes for ./IDTech.bundle/3u.xml
2020-06-25 15:27:54 +0000  copying file ./IDTech.bundle/KernelLCD.kmsg ... 
2020-06-25 15:27:54 +0000  16229 bytes for ./IDTech.bundle/KernelLCD.kmsg
2020-06-25 15:27:54 +0000  copying file ./IDTech.bundle/2u.xml ... 
2020-06-25 15:27:54 +0000  56268 bytes for ./IDTech.bundle/2u.xml
2020-06-25 15:27:54 +0000  copying file ./IDTech.bundle/grsiStatusCodes-EN.err ... 
2020-06-25 15:27:54 +0000  15752 bytes for ./IDTech.bundle/grsiStatusCodes-EN.err
2020-06-25 15:27:54 +0000  copying file ./IDTech.bundle/4.xml ... 
2020-06-25 15:27:54 +0000  55471 bytes for ./IDTech.bundle/4.xml
2020-06-25 15:27:54 +0000  copying file ./IDTech.bundle/2.xml ... 
2020-06-25 15:27:54 +0000  56267 bytes for ./IDTech.bundle/2.xml
2020-06-25 15:27:54 +0000  copying file ./IDTech.bundle/4u.xml ... 
2020-06-25 15:27:54 +0000  55471 bytes for ./IDTech.bundle/4u.xml
2020-06-25 15:27:54 +0000  copying file ./IDTech.bundle/errors-EN.err ... 
2020-06-25 15:27:54 +0000  9688 bytes for ./IDTech.bundle/errors-EN.err
2020-06-25 15:27:54 +0000  copying file ./IDTech.bundle/3.xml ... 
2020-06-25 15:27:54 +0000  55631 bytes for ./IDTech.bundle/3.xml
2020-06-25 15:27:54 +0000  copying file ./IDTech.bundle/Info.plist ... 
2020-06-25 15:27:54 +0000  1086 bytes for ./IDTech.bundle/Info.plist
2020-06-25 15:27:54 +0000  copying file ./IDTech.bundle/1.xml ... 
2020-06-25 15:27:54 +0000  55419 bytes for ./IDTech.bundle/1.xml
2020-06-25 15:27:54 +0000  /usr/bin/ditto exited with 0
2020-06-25 15:27:54 +0000  Processing step: IDEDistributionEmbedProfileStep
2020-06-25 15:27:54 +0000  Processing step: IDEDistributionInfoPlistStep
2020-06-25 15:27:54 +0000  Skipping step: IDEDistributionInfoPlistStep because it said so
2020-06-25 15:27:54 +0000  Processing step: IDEDistributionAppThinningPlistStep
2020-06-25 15:27:54 +0000  Skipping step: IDEDistributionAppThinningPlistStep because it said so
2020-06-25 15:27:54 +0000  Processing step: IDEDistributionCompileBitcodeStep
2020-06-25 15:27:54 +0000  Skipping step: IDEDistributionCompileBitcodeStep because it said so
2020-06-25 15:27:54 +0000  Processing step: IDEDistributionCodeSlimmingStep
2020-06-25 15:27:54 +0000  Processing step: IDEDistributionCopyBCSymbolMapsStep
2020-06-25 15:27:54 +0000  Skipping step: IDEDistributionCopyBCSymbolMapsStep because it said so
2020-06-25 15:27:54 +0000  Processing step: IDEDistributionSymbolsStep
2020-06-25 15:27:54 +0000  Skipping step: IDEDistributionSymbolsStep because it said so
2020-06-25 15:27:54 +0000  Processing step: IDEDistributionAppThinningStep
2020-06-25 15:27:54 +0000  Skipping step: IDEDistributionAppThinningStep because it said so
2020-06-25 15:27:54 +0000  Processing step: IDEDistributionArchThinningStep
2020-06-25 15:27:54 +0000  Running /Applications/Xcode.app/Contents/Developer/Toolchains/XcodeDefault.xctoolchain/usr/bin/lipo '/var/folders/2c/k4g7gjb55b1dk4gpyr3d86nc0000gq/T/XcodeDistPipeline.~~~bSU8a3/Root/Payload/VP3300.app/VP3300' '-verify_arch' 'arm64e'
2020-06-25 15:27:54 +0000  /Applications/Xcode.app/Contents/Developer/Toolchains/XcodeDefault.xctoolchain/usr/bin/lipo exited with 1
2020-06-25 15:27:54 +0000  Skipping architecture thinning for item "VP3300" because arch "arm64e" wasn't found
2020-06-25 15:27:54 +0000  Processing step: IDEDistributionODRStep
2020-06-25 15:27:54 +0000  Processing step: IDEDistributionStripXattrsStep
2020-06-25 15:27:54 +0000  Running /usr/bin/xattr '-crs' '/var/folders/2c/k4g7gjb55b1dk4gpyr3d86nc0000gq/T/XcodeDistPipeline.~~~bSU8a3/Root/Payload/VP3300.app'
2020-06-25 15:27:54 +0000  /usr/bin/xattr exited with 0
2020-06-25 15:27:54 +0000  Processing step: IDEDistributionCodesignStep
2020-06-25 15:27:54 +0000  Entitlements for <IDEDistributionItem: 0x7ff8d9be2d40; bundleID='com.clearent.idtechv2Demo', path='<DVTFilePath:0x7ff8c2b2cd40:'/Users/dhigginbotham/Library/Developer/Xcode/Archives/2020-06-25/VP3300 6-25-20, 10.27 AM.xcarchive/Products/Applications/VP3300.app'>', codeSigningInfo='<_DVTCodeSigningInformation_Path: 0x7ff8d71aeec0; isSigned='1', isAdHocSigned='0', signingCertificate='<DVTSigningCertificate: 0x7ff8c2a41a20; name='Apple Development: Jill Willard (K325G46W47)', hash='E6E869BE4E7B204C388EAC522A862E12CEF660D6', serialNumber='7E346F09D6FB1401', certificateKinds='(
    "1.2.840.113635.100.6.1.12",
    "1.2.840.113635.100.6.1.2"
), issueDate='2020-03-27 21:18:49 +0000''>', entitlements='{
    "application-identifier" = "PY4645385H.com.clearent.idtechv2Demo";
    "com.apple.developer.team-identifier" = PY4645385H;
    "get-task-allow" = 1;
    "keychain-access-groups" =     (
        "PY4645385H.com.clearent.idtechv2Demo"
    );
}', teamID='PY4645385H', identifier='com.clearent.idtechv2Demo', executablePath='<DVTFilePath:0x7ff8c37310d0:'/Users/dhigginbotham/Library/Developer/Xcode/Archives/2020-06-25/VP3300 6-25-20, 10.27 AM.xcarchive/Products/Applications/VP3300.app/VP3300'>', hardenedRuntime='0'>'>: {
    "application-identifier" = "PY4645385H.com.clearent.idtechv2Demo";
    "com.apple.developer.team-identifier" = PY4645385H;
    "get-task-allow" = 1;
    "keychain-access-groups" =     (
        "PY4645385H.com.clearent.idtechv2Demo"
    );
}
2020-06-25 15:27:54 +0000  Writing entitlements for <IDEDistributionItem: 0x7ff8d9be2d40; bundleID='com.clearent.idtechv2Demo', path='<DVTFilePath:0x7ff8c2b2cd40:'/Users/dhigginbotham/Library/Developer/Xcode/Archives/2020-06-25/VP3300 6-25-20, 10.27 AM.xcarchive/Products/Applications/VP3300.app'>', codeSigningInfo='<_DVTCodeSigningInformation_Path: 0x7ff8d71aeec0; isSigned='1', isAdHocSigned='0', signingCertificate='<DVTSigningCertificate: 0x7ff8c342f730; name='Apple Development: Jill Willard (K325G46W47)', hash='E6E869BE4E7B204C388EAC522A862E12CEF660D6', serialNumber='7E346F09D6FB1401', certificateKinds='(
    "1.2.840.113635.100.6.1.12",
    "1.2.840.113635.100.6.1.2"
), issueDate='2020-03-27 21:18:49 +0000''>', entitlements='{
    "application-identifier" = "PY4645385H.com.clearent.idtechv2Demo";
    "com.apple.developer.team-identifier" = PY4645385H;
    "get-task-allow" = 1;
    "keychain-access-groups" =     (
        "PY4645385H.com.clearent.idtechv2Demo"
    );
}', teamID='PY4645385H', identifier='com.clearent.idtechv2Demo', executablePath='<DVTFilePath:0x7ff8c37310d0:'/Users/dhigginbotham/Library/Developer/Xcode/Archives/2020-06-25/VP3300 6-25-20, 10.27 AM.xcarchive/Products/Applications/VP3300.app/VP3300'>', hardenedRuntime='0'>'> to: /var/folders/2c/k4g7gjb55b1dk4gpyr3d86nc0000gq/T/XcodeDistPipeline.~~~bSU8a3/entitlements~~~7TAs9O
2020-06-25 15:27:54 +0000  Running /usr/bin/codesign '-vvv' '--force' '--sign' 'E6E869BE4E7B204C388EAC522A862E12CEF660D6' '--entitlements' '/var/folders/2c/k4g7gjb55b1dk4gpyr3d86nc0000gq/T/XcodeDistPipeline.~~~bSU8a3/entitlements~~~7TAs9O' '--preserve-metadata=identifier,flags,runtime' '/var/folders/2c/k4g7gjb55b1dk4gpyr3d86nc0000gq/T/XcodeDistPipeline.~~~bSU8a3/Root/Payload/VP3300.app'
2020-06-25 15:27:54 +0000  /var/folders/2c/k4g7gjb55b1dk4gpyr3d86nc0000gq/T/XcodeDistPipeline.~~~bSU8a3/Root/Payload/VP3300.app: signed app bundle with Mach-O universal (armv7 arm64) [com.clearent.idtechv2Demo]
2020-06-25 15:27:54 +0000  /usr/bin/codesign exited with 0
2020-06-25 15:27:54 +0000  Processing step: IDEDistributionZipODRItemStep
2020-06-25 15:27:54 +0000  Skipping step: IDEDistributionZipODRItemStep because it said so
2020-06-25 15:27:54 +0000  Processing step: IDEDistributionCreateIPAStep
2020-06-25 15:27:54 +0000  Running /usr/bin/ditto '-V' '-c' '-k' '--norsrc' '/var/folders/2c/k4g7gjb55b1dk4gpyr3d86nc0000gq/T/XcodeDistPipeline.~~~bSU8a3/Root' '/var/folders/2c/k4g7gjb55b1dk4gpyr3d86nc0000gq/T/XcodeDistPipeline.~~~bSU8a3/Packages/VP3300.ipa'
2020-06-25 15:27:54 +0000  >>> Copying /var/folders/2c/k4g7gjb55b1dk4gpyr3d86nc0000gq/T/XcodeDistPipeline.~~~bSU8a3/Root 
2020-06-25 15:27:54 +0000  copying file ./Payload/VP3300.app/_CodeSignature/CodeResources ... 
2020-06-25 15:27:54 +0000  12025 bytes for ./Payload/VP3300.app/_CodeSignature/CodeResources
copying file ./Payload/VP3300.app/LaunchImage-3-700-568h@2x.png ... 
2020-06-25 15:27:54 +0000  15022 bytes for ./Payload/VP3300.app/LaunchImage-3-700-568h@2x.png
copying file ./Payload/VP3300.app/icon.png ... 
2020-06-25 15:27:54 +0000  6402 bytes for ./Payload/VP3300.app/icon.png
copying file ./Payload/VP3300.app/Default-Portrait@2x.png ... 
2020-06-25 15:27:54 +0000  88290 bytes for ./Payload/VP3300.app/Default-Portrait@2x.png
2020-06-25 15:27:54 +0000  copying file ./Payload/VP3300.app/en.lproj/InfoPlist.strings ... 
42 bytes for ./Payload/VP3300.app/en.lproj/InfoPlist.strings
copying file ./Payload/VP3300.app/en.lproj/ViewController_iPhone.nib ... 
2020-06-25 15:27:54 +0000  20284 bytes for ./Payload/VP3300.app/en.lproj/ViewController_iPhone.nib
copying file ./Payload/VP3300.app/3591.png ... 
2020-06-25 15:27:54 +0000  12434 bytes for ./Payload/VP3300.app/3591.png
copying file ./Payload/VP3300.app/Default-Portrait.png ... 
2020-06-25 15:27:54 +0000  39590 bytes for ./Payload/VP3300.app/Default-Portrait.png
copying file ./Payload/VP3300.app/Default@2x.png ... 
2020-06-25 15:27:54 +0000  15901 bytes for ./Payload/VP3300.app/Default@2x.png
copying file ./Payload/VP3300.app/Icon-72.png ... 
2020-06-25 15:27:54 +0000  7697 bytes for ./Payload/VP3300.app/Icon-72.png
2020-06-25 15:27:54 +0000  copying file ./Payload/VP3300.app/btnClear.png ... 
260 bytes for ./Payload/VP3300.app/btnClear.png
copying file ./Payload/VP3300.app/Icon@2x.png ... 
2020-06-25 15:27:54 +0000  11601 bytes for ./Payload/VP3300.app/Icon@2x.png
copying file ./Payload/VP3300.app/Default-568h@2x.png ... 
2020-06-25 15:27:54 +0000  16636 bytes for ./Payload/VP3300.app/Default-568h@2x.png
copying file ./Payload/VP3300.app/VP3300 ... 
2020-06-25 15:27:54 +0000  1720272 bytes for ./Payload/VP3300.app/VP3300
copying file ./Payload/VP3300.app/IDTechLogo.png ... 
2020-06-25 15:27:54 +0000  5867 bytes for ./Payload/VP3300.app/IDTechLogo.png
copying file ./Payload/VP3300.app/IDTechLogo.jpg ... 
6286 bytes for ./Payload/VP3300.app/IDTechLogo.jpg
copying file ./Payload/VP3300.app/2531170_191716885000_2.jpg ... 
2020-06-25 15:27:54 +0000  75572 bytes for ./Payload/VP3300.app/2531170_191716885000_2.jpg
copying file ./Payload/VP3300.app/embedded.mobileprovision ... 
2020-06-25 15:27:54 +0000  15638 bytes for ./Payload/VP3300.app/embedded.mobileprovision
copying file ./Payload/VP3300.app/Default.png ... 
2020-06-25 15:27:54 +0000  14524 bytes for ./Payload/VP3300.app/Default.png
2020-06-25 15:27:54 +0000  copying file ./Payload/VP3300.app/Info.plist ... 
1466 bytes for ./Payload/VP3300.app/Info.plist
copying file ./Payload/VP3300.app/PkgInfo ... 
2020-06-25 15:27:54 +0000  8 bytes for ./Payload/VP3300.app/PkgInfo
copying file ./Payload/VP3300.app/IDTech.bundle/UniPay V1.00-EN.err ... 
2020-06-25 15:27:54 +0000  4527 bytes for ./Payload/VP3300.app/IDTech.bundle/UniPay V1.00-EN.err
copying file ./Payload/VP3300.app/IDTech.bundle/1u.xml ... 
2020-06-25 15:27:54 +0000  55419 bytes for ./Payload/VP3300.app/IDTech.bundle/1u.xml
copying file ./Payload/VP3300.app/IDTech.bundle/ResourceVersion.txt ... 
2020-06-25 15:27:54 +0000  35 bytes for ./Payload/VP3300.app/IDTech.bundle/ResourceVersion.txt
copying file ./Payload/VP3300.app/IDTech.bundle/BTPay 200 V1.00-EN.err ... 
2020-06-25 15:27:54 +0000  4527 bytes for ./Payload/VP3300.app/IDTech.bundle/BTPay 200 V1.00-EN.err
copying file ./Payload/VP3300.app/IDTech.bundle/InfoPlist.strings ... 
42 bytes for ./Payload/VP3300.app/IDTech.bundle/InfoPlist.strings
2020-06-25 15:27:54 +0000  copying file ./Payload/VP3300.app/IDTech.bundle/3u.xml ... 
2020-06-25 15:27:54 +0000  55631 bytes for ./Payload/VP3300.app/IDTech.bundle/3u.xml
copying file ./Payload/VP3300.app/IDTech.bundle/KernelLCD.kmsg ... 
2020-06-25 15:27:54 +0000  16229 bytes for ./Payload/VP3300.app/IDTech.bundle/KernelLCD.kmsg
copying file ./Payload/VP3300.app/IDTech.bundle/2u.xml ... 
2020-06-25 15:27:54 +0000  56268 bytes for ./Payload/VP3300.app/IDTech.bundle/2u.xml
copying file ./Payload/VP3300.app/IDTech.bundle/grsiStatusCodes-EN.err ... 
2020-06-25 15:27:54 +0000  15752 bytes for ./Payload/VP3300.app/IDTech.bundle/grsiStatusCodes-EN.err
copying file ./Payload/VP3300.app/IDTech.bundle/4.xml ... 
2020-06-25 15:27:54 +0000  55471 bytes for ./Payload/VP3300.app/IDTech.bundle/4.xml
copying file ./Payload/VP3300.app/IDTech.bundle/2.xml ... 
2020-06-25 15:27:54 +0000  56267 bytes for ./Payload/VP3300.app/IDTech.bundle/2.xml
copying file ./Payload/VP3300.app/IDTech.bundle/4u.xml ... 
2020-06-25 15:27:54 +0000  55471 bytes for ./Payload/VP3300.app/IDTech.bundle/4u.xml
copying file ./Payload/VP3300.app/IDTech.bundle/errors-EN.err ... 
2020-06-25 15:27:54 +0000  9688 bytes for ./Payload/VP3300.app/IDTech.bundle/errors-EN.err
copying file ./Payload/VP3300.app/IDTech.bundle/3.xml ... 
2020-06-25 15:27:54 +0000  55631 bytes for ./Payload/VP3300.app/IDTech.bundle/3.xml
copying file ./Payload/VP3300.app/IDTech.bundle/Info.plist ... 
2020-06-25 15:27:54 +0000  1086 bytes for ./Payload/VP3300.app/IDTech.bundle/Info.plist
copying file ./Payload/VP3300.app/IDTech.bundle/1.xml ... 
2020-06-25 15:27:54 +0000  55419 bytes for ./Payload/VP3300.app/IDTech.bundle/1.xml
2020-06-25 15:27:54 +0000  /usr/bin/ditto exited with 0
2020-06-25 15:27:54 +0000  Processing step: IDEDistributionAppStoreInformationStep
2020-06-25 15:27:54 +0000  Skipping step: IDEDistributionAppStoreInformationStep because it said so
2020-06-25 15:27:54 +0000  Processing step: IDEDistributionGenerateProcessedDistributionItems
2020-06-25 15:27:54 +0000  Processing step: IDEDistributionCreateManifestStep
