2020-06-05 11:34:22 +0000  Initial pipeline context: <IDEDistributionProcessingPipelineContext: 0x7f838c669370; archive(resolved)='<IDEArchive: 0x7f838fc917d0>', distributionTask(resolved)='2', distributionDestination(resolved)='1', distributionMethod(resolved)='<IDEDistributionMethodDevelopmentSigned: 0x7f839bc10e40>', team(resolved)='<IDEProvisioningDisambiguatableBasicTeam: 0x7f839d35bfd0; teamID='PY4645385H', teamName='Clearent, LLC', teamType='Company', username='jwillard@clearent.com', isFreeProvisioningTeam='0'>'>
	Chain (13, self inclusive):
	<IDEDistributionProcessingPipelineContext: 0x7f838c669370; archive = '<IDEArchive: 0x7f838fc917d0>', distributionMethod='<IDEDistributionMethodDevelopmentSigned: 0x7f839bc10e40>', team='<IDEProvisioningDisambiguatableBasicTeam: 0x7f839d35bfd0; teamID='PY4645385H', teamName='Clearent, LLC', teamType='Company', username='jwillard@clearent.com', isFreeProvisioningTeam='0'>'>
	<IDEDistributionProcessingPipelineContext: 0x7f838c63e3b0; archive = '<IDEArchive: 0x7f838fc917d0>', distributionMethod='<IDEDistributionMethodDevelopmentSigned: 0x7f839bc10e40>', team='<IDEProvisioningDisambiguatableBasicTeam: 0x7f839d35bfd0; teamID='PY4645385H', teamName='Clearent, LLC', teamType='Company', username='jwillard@clearent.com', isFreeProvisioningTeam='0'>'>
	<IDEDistributionContext: 0x7f8390872d40; archive = '<IDEArchive: 0x7f838fc917d0>', distributionMethod='<IDEDistributionMethodDevelopmentSigned: 0x7f839bc10e40>', team='<IDEProvisioningDisambiguatableBasicTeam: 0x7f839d35bfd0; teamID='PY4645385H', teamName='Clearent, LLC', teamType='Company', username='jwillard@clearent.com', isFreeProvisioningTeam='0'>'>
	<IDEDistributionContext: 0x7f8386eb1440; archive = '<IDEArchive: 0x7f838fc917d0>', distributionMethod='<IDEDistributionMethodDevelopmentSigned: 0x7f839bc10e40>', team='<IDEProvisioningDisambiguatableBasicTeam: 0x7f839d35bfd0; teamID='PY4645385H', teamName='Clearent, LLC', teamType='Company', username='jwillard@clearent.com', isFreeProvisioningTeam='0'>'>
	<IDEDistributionContext: 0x7f8391b4edf0; archive = '<IDEArchive: 0x7f838fc917d0>', distributionMethod='<IDEDistributionMethodDevelopmentSigned: 0x7f839bc10e40>', team='<IDEProvisioningDisambiguatableBasicTeam: 0x7f839d35bfd0; teamID='PY4645385H', teamName='Clearent, LLC', teamType='Company', username='jwillard@clearent.com', isFreeProvisioningTeam='0'>'>
	<IDEDistributionContext: 0x7f8391b345d0; archive = '<IDEArchive: 0x7f838fc917d0>', distributionMethod='<IDEDistributionMethodDevelopmentSigned: 0x7f839bc10e40>', team='<IDEProvisioningDisambiguatableBasicTeam: 0x7f839d35bfd0; teamID='PY4645385H', teamName='Clearent, LLC', teamType='Company', username='jwillard@clearent.com', isFreeProvisioningTeam='0'>'>
	<IDEDistributionContext: 0x7f8390e463e0; archive = '<IDEArchive: 0x7f838fc917d0>', distributionMethod='<IDEDistributionMethodDevelopmentSigned: 0x7f839bc10e40>', team='<IDEProvisioningDisambiguatableBasicTeam: 0x7f839d35bfd0; teamID='PY4645385H', teamName='Clearent, LLC', teamType='Company', username='jwillard@clearent.com', isFreeProvisioningTeam='0'>'>
	<IDEDistributionContext: 0x7f8390efd5e0; archive = '<IDEArchive: 0x7f838fc917d0>', distributionMethod='<IDEDistributionMethodDevelopmentSigned: 0x7f839bc10e40>', team='<IDEProvisioningDisambiguatableBasicTeam: 0x7f839d35bfd0; teamID='PY4645385H', teamName='Clearent, LLC', teamType='Company', username='jwillard@clearent.com', isFreeProvisioningTeam='0'>'>
	<IDEDistributionContext: 0x7f838ee7fc70; archive = '<IDEArchive: 0x7f838fc917d0>', distributionMethod='<IDEDistributionMethodDevelopmentSigned: 0x7f839bc10e40>', team='<IDEProvisioningDisambiguatableBasicTeam: 0x7f839d35bfd0; teamID='PY4645385H', teamName='Clearent, LLC', teamType='Company', username='jwillard@clearent.com', isFreeProvisioningTeam='0'>'>
	<IDEDistributionContext: 0x7f838eead8b0; archive = '<IDEArchive: 0x7f838fc917d0>', distributionMethod='<IDEDistributionMethodDevelopmentSigned: 0x7f839bc10e40>', team='(null)'>
	<IDEDistributionContext: 0x7f8390e14e40; archive = '<IDEArchive: 0x7f838fc917d0>', distributionMethod='<IDEDistributionMethodDevelopmentSigned: 0x7f839bc10e40>', team='(null)'>
	<IDEDistributionContext: 0x7f8390e061c0; archive = '<IDEArchive: 0x7f838fc917d0>', distributionMethod='<IDEDistributionMethodDevelopmentSigned: 0x7f839bc10e40>', team='(null)'>
	<IDEDistributionContext: 0x7f8390cf7ef0; archive = '<IDEArchive: 0x7f838fc917d0>', distributionMethod='(null)', team='(null)'>
</IDEDistributionProcessingPipelineContext: 0x7f838c669370>
2020-06-05 11:34:22 +0000  Processing step: IDEDistributionCreateDestRootStep
2020-06-05 11:34:22 +0000  Processing step: IDEDistributionCopyItemStep
2020-06-05 11:34:22 +0000  Running /usr/bin/ditto '-V' '/Users/dhigginbotham/Library/Developer/Xcode/Archives/2020-06-05/VP3300 6-5-20, 6.34 AM.xcarchive/Products/Applications/IDTECH DEMO V2.app' '/var/folders/2c/k4g7gjb55b1dk4gpyr3d86nc0000gq/T/XcodeDistPipeline.~~~v1CFoc/Root/Payload/IDTECH DEMO V2.app'
2020-06-05 11:34:22 +0000  >>> Copying /Users/dhigginbotham/Library/Developer/Xcode/Archives/2020-06-05/VP3300 6-5-20, 6.34 AM.xcarchive/Products/Applications/IDTECH DEMO V2.app 
2020-06-05 11:34:22 +0000  copying file ./_CodeSignature/CodeResources ... 
2020-06-05 11:34:22 +0000  14697 bytes for ./_CodeSignature/CodeResources
2020-06-05 11:34:22 +0000  copying file ./chime.mp3 ... 
2020-06-05 11:34:22 +0000  34734 bytes for ./chime.mp3
copying file ./icon.png ... 
2020-06-05 11:34:22 +0000  6402 bytes for ./icon.png
copying file ./Default-Portrait@2x.png ... 
2020-06-05 11:34:22 +0000  88290 bytes for ./Default-Portrait@2x.png
2020-06-05 11:34:22 +0000  copying file ./en.lproj/InfoPlist.strings ... 
2020-06-05 11:34:22 +0000  42 bytes for ./en.lproj/InfoPlist.strings
2020-06-05 11:34:22 +0000  copying file ./en.lproj/ViewController_iPad.nib ... 
2020-06-05 11:34:22 +0000  13789 bytes for ./en.lproj/ViewController_iPad.nib
2020-06-05 11:34:22 +0000  copying file ./3591.png ... 
2020-06-05 11:34:22 +0000  12434 bytes for ./3591.png
copying file ./Default-Portrait.png ... 
2020-06-05 11:34:22 +0000  39590 bytes for ./Default-Portrait.png
2020-06-05 11:34:22 +0000  copying file ./Default@2x.png ... 
2020-06-05 11:34:22 +0000  15901 bytes for ./Default@2x.png
copying file ./IDTECH DEMO V2 ... 
2020-06-05 11:34:22 +0000  259280 bytes for ./IDTECH DEMO V2
2020-06-05 11:34:22 +0000  copying file ./Icon-72.png ... 
2020-06-05 11:34:22 +0000  7697 bytes for ./Icon-72.png
2020-06-05 11:34:22 +0000  copying file ./btnClear.png ... 
2020-06-05 11:34:22 +0000  260 bytes for ./btnClear.png
2020-06-05 11:34:22 +0000  copying file ./checkmark.png ... 
2020-06-05 11:34:22 +0000  41365 bytes for ./checkmark.png
2020-06-05 11:34:22 +0000  copying file ./pop.m4a ... 
2020-06-05 11:34:22 +0000  32749 bytes for ./pop.m4a
2020-06-05 11:34:22 +0000  copying file ./Icon@2x.png ... 
2020-06-05 11:34:22 +0000  11601 bytes for ./Icon@2x.png
2020-06-05 11:34:22 +0000  copying file ./Default-568h@2x.png ... 
2020-06-05 11:34:22 +0000  16636 bytes for ./Default-568h@2x.png
copying file ./IDTechLogo.png ... 
2020-06-05 11:34:22 +0000  5867 bytes for ./IDTechLogo.png
2020-06-05 11:34:22 +0000  copying file ./IDTechLogo.jpg ... 
2020-06-05 11:34:22 +0000  6286 bytes for ./IDTechLogo.jpg
2020-06-05 11:34:22 +0000  copying file ./2531170_191716885000_2.jpg ... 
2020-06-05 11:34:22 +0000  75572 bytes for ./2531170_191716885000_2.jpg
2020-06-05 11:34:22 +0000  copying file ./insertcard.png ... 
2020-06-05 11:34:22 +0000  2692 bytes for ./insertcard.png
2020-06-05 11:34:22 +0000  copying file ./Frameworks/ClearentIdtechIOSFramework.framework/_CodeSignature/CodeResources ... 
2020-06-05 11:34:22 +0000  2084 bytes for ./Frameworks/ClearentIdtechIOSFramework.framework/_CodeSignature/CodeResources
2020-06-05 11:34:22 +0000  copying file ./Frameworks/ClearentIdtechIOSFramework.framework/.gitignore ... 
2020-06-05 11:34:22 +0000  446 bytes for ./Frameworks/ClearentIdtechIOSFramework.framework/.gitignore
2020-06-05 11:34:22 +0000  copying file ./Frameworks/ClearentIdtechIOSFramework.framework/ClearentIdtechIOSFramework ... 
2020-06-05 11:34:22 +0000  2425136 bytes for ./Frameworks/ClearentIdtechIOSFramework.framework/ClearentIdtechIOSFramework
copying file ./Frameworks/ClearentIdtechIOSFramework.framework/Info.plist ... 
2020-06-05 11:34:22 +0000  1410 bytes for ./Frameworks/ClearentIdtechIOSFramework.framework/Info.plist
2020-06-05 11:34:22 +0000  copying file ./embedded.mobileprovision ... 
2020-06-05 11:34:22 +0000  15638 bytes for ./embedded.mobileprovision
2020-06-05 11:34:22 +0000  copying file ./credit-card-icon-png-1.png ... 
2020-06-05 11:34:22 +0000  9911 bytes for ./credit-card-icon-png-1.png
2020-06-05 11:34:22 +0000  copying file ./Default.png ... 
2020-06-05 11:34:22 +0000  14524 bytes for ./Default.png
2020-06-05 11:34:22 +0000  copying file ./Info.plist ... 
2020-06-05 11:34:22 +0000  1303 bytes for ./Info.plist
2020-06-05 11:34:22 +0000  copying file ./PkgInfo ... 
2020-06-05 11:34:22 +0000  8 bytes for ./PkgInfo
2020-06-05 11:34:22 +0000  copying file ./IDTech.bundle/UniPay V1.00-EN.err ... 
2020-06-05 11:34:22 +0000  4527 bytes for ./IDTech.bundle/UniPay V1.00-EN.err
2020-06-05 11:34:22 +0000  copying file ./IDTech.bundle/1u.xml ... 
2020-06-05 11:34:22 +0000  55419 bytes for ./IDTech.bundle/1u.xml
2020-06-05 11:34:22 +0000  copying file ./IDTech.bundle/ResourceVersion.txt ... 
2020-06-05 11:34:22 +0000  35 bytes for ./IDTech.bundle/ResourceVersion.txt
2020-06-05 11:34:22 +0000  copying file ./IDTech.bundle/BTPay 200 V1.00-EN.err ... 
2020-06-05 11:34:22 +0000  4527 bytes for ./IDTech.bundle/BTPay 200 V1.00-EN.err
2020-06-05 11:34:22 +0000  copying file ./IDTech.bundle/InfoPlist.strings ... 
2020-06-05 11:34:22 +0000  42 bytes for ./IDTech.bundle/InfoPlist.strings
2020-06-05 11:34:22 +0000  copying file ./IDTech.bundle/3u.xml ... 
2020-06-05 11:34:22 +0000  55631 bytes for ./IDTech.bundle/3u.xml
2020-06-05 11:34:22 +0000  copying file ./IDTech.bundle/KernelLCD.kmsg ... 
2020-06-05 11:34:22 +0000  16229 bytes for ./IDTech.bundle/KernelLCD.kmsg
2020-06-05 11:34:22 +0000  copying file ./IDTech.bundle/2u.xml ... 
2020-06-05 11:34:22 +0000  56268 bytes for ./IDTech.bundle/2u.xml
2020-06-05 11:34:22 +0000  copying file ./IDTech.bundle/grsiStatusCodes-EN.err ... 
2020-06-05 11:34:22 +0000  15752 bytes for ./IDTech.bundle/grsiStatusCodes-EN.err
2020-06-05 11:34:22 +0000  copying file ./IDTech.bundle/4.xml ... 
2020-06-05 11:34:22 +0000  55471 bytes for ./IDTech.bundle/4.xml
2020-06-05 11:34:22 +0000  copying file ./IDTech.bundle/2.xml ... 
2020-06-05 11:34:22 +0000  56267 bytes for ./IDTech.bundle/2.xml
2020-06-05 11:34:22 +0000  copying file ./IDTech.bundle/4u.xml ... 
2020-06-05 11:34:22 +0000  55471 bytes for ./IDTech.bundle/4u.xml
2020-06-05 11:34:22 +0000  copying file ./IDTech.bundle/errors-EN.err ... 
2020-06-05 11:34:22 +0000  9688 bytes for ./IDTech.bundle/errors-EN.err
2020-06-05 11:34:22 +0000  copying file ./IDTech.bundle/3.xml ... 
2020-06-05 11:34:22 +0000  55631 bytes for ./IDTech.bundle/3.xml
2020-06-05 11:34:22 +0000  copying file ./IDTech.bundle/Info.plist ... 
2020-06-05 11:34:22 +0000  1084 bytes for ./IDTech.bundle/Info.plist
2020-06-05 11:34:22 +0000  copying file ./IDTech.bundle/1.xml ... 
2020-06-05 11:34:22 +0000  55419 bytes for ./IDTech.bundle/1.xml
2020-06-05 11:34:22 +0000  /usr/bin/ditto exited with 0
2020-06-05 11:34:22 +0000  Processing step: IDEDistributionEmbedProfileStep
2020-06-05 11:34:22 +0000  Skipping profile for item: <IDEDistributionItem: 0x7f838bfd2600; bundleID='com.clearent.quest.ClearentIdtechIOSFramework', path='<DVTFilePath:0x7f83859dfc40:'/Users/dhigginbotham/Library/Developer/Xcode/Archives/2020-06-05/VP3300 6-5-20, 6.34 AM.xcarchive/Products/Applications/IDTECH DEMO V2.app/Frameworks/ClearentIdtechIOSFramework.framework'>', codeSigningInfo='<_DVTCodeSigningInformation_Path: 0x7f8390fb25c0; isSigned='1', isAdHocSigned='0', signingCertificate='<DVTSigningCertificate: 0x7f83843a7840; name='Apple Development: Jill Willard (K325G46W47)', hash='E6E869BE4E7B204C388EAC522A862E12CEF660D6', serialNumber='7E346F09D6FB1401', certificateKinds='(
    "1.2.840.113635.100.6.1.12",
    "1.2.840.113635.100.6.1.2"
), issueDate='2020-03-27 21:18:49 +0000''>', entitlements='(null)', teamID='PY4645385H', identifier='com.clearent.quest.ClearentIdtechIOSFramework', executablePath='<DVTFilePath:0x7f8389e92770:'/Users/dhigginbotham/Library/Developer/Xcode/Archives/2020-06-05/VP3300 6-5-20, 6.34 AM.xcarchive/Products/Applications/IDTECH DEMO V2.app/Frameworks/ClearentIdtechIOSFramework.framework/ClearentIdtechIOSFramework'>', hardenedRuntime='0'>'>
2020-06-05 11:34:22 +0000  Processing step: IDEDistributionInfoPlistStep
2020-06-05 11:34:22 +0000  Skipping step: IDEDistributionInfoPlistStep because it said so
2020-06-05 11:34:22 +0000  Skipping step: IDEDistributionInfoPlistStep because it said so
2020-06-05 11:34:22 +0000  Processing step: IDEDistributionAppThinningPlistStep
2020-06-05 11:34:22 +0000  Skipping step: IDEDistributionAppThinningPlistStep because it said so
2020-06-05 11:34:22 +0000  Processing step: IDEDistributionCompileBitcodeStep
2020-06-05 11:34:22 +0000  Skipping step: IDEDistributionCompileBitcodeStep because it said so
2020-06-05 11:34:22 +0000  Processing step: IDEDistributionCodeSlimmingStep
2020-06-05 11:34:22 +0000  Processing step: IDEDistributionCopyBCSymbolMapsStep
2020-06-05 11:34:22 +0000  Skipping step: IDEDistributionCopyBCSymbolMapsStep because it said so
2020-06-05 11:34:22 +0000  Skipping step: IDEDistributionCopyBCSymbolMapsStep because it said so
2020-06-05 11:34:22 +0000  Processing step: IDEDistributionSymbolsStep
2020-06-05 11:34:22 +0000  Skipping step: IDEDistributionSymbolsStep because it said so
2020-06-05 11:34:22 +0000  Skipping step: IDEDistributionSymbolsStep because it said so
2020-06-05 11:34:22 +0000  Processing step: IDEDistributionAppThinningStep
2020-06-05 11:34:22 +0000  Skipping step: IDEDistributionAppThinningStep because it said so
2020-06-05 11:34:22 +0000  Processing step: IDEDistributionArchThinningStep
2020-06-05 11:34:22 +0000  Running /Applications/Xcode.app/Contents/Developer/Toolchains/XcodeDefault.xctoolchain/usr/bin/lipo '/var/folders/2c/k4g7gjb55b1dk4gpyr3d86nc0000gq/T/XcodeDistPipeline.~~~v1CFoc/Root/Payload/IDTECH DEMO V2.app/Frameworks/ClearentIdtechIOSFramework.framework/ClearentIdtechIOSFramework' '-verify_arch' 'arm64e'
2020-06-05 11:34:22 +0000  /Applications/Xcode.app/Contents/Developer/Toolchains/XcodeDefault.xctoolchain/usr/bin/lipo exited with 1
2020-06-05 11:34:22 +0000  Skipping architecture thinning for item "ClearentIdtechIOSFramework" because arch "arm64e" wasn't found
2020-06-05 11:34:22 +0000  Running /Applications/Xcode.app/Contents/Developer/Toolchains/XcodeDefault.xctoolchain/usr/bin/lipo '/var/folders/2c/k4g7gjb55b1dk4gpyr3d86nc0000gq/T/XcodeDistPipeline.~~~v1CFoc/Root/Payload/IDTECH DEMO V2.app/IDTECH DEMO V2' '-verify_arch' 'arm64e'
2020-06-05 11:34:22 +0000  /Applications/Xcode.app/Contents/Developer/Toolchains/XcodeDefault.xctoolchain/usr/bin/lipo exited with 1
2020-06-05 11:34:22 +0000  Skipping architecture thinning for item "IDTECH DEMO V2" because arch "arm64e" wasn't found
2020-06-05 11:34:22 +0000  Processing step: IDEDistributionODRStep
2020-06-05 11:34:22 +0000  Processing step: IDEDistributionStripXattrsStep
2020-06-05 11:34:22 +0000  Skipping stripping extended attributes of item: <IDEDistributionItem: 0x7f838bfd2600; bundleID='com.clearent.quest.ClearentIdtechIOSFramework', path='<DVTFilePath:0x7f83859dfc40:'/Users/dhigginbotham/Library/Developer/Xcode/Archives/2020-06-05/VP3300 6-5-20, 6.34 AM.xcarchive/Products/Applications/IDTECH DEMO V2.app/Frameworks/ClearentIdtechIOSFramework.framework'>', codeSigningInfo='<_DVTCodeSigningInformation_Path: 0x7f8390fb25c0; isSigned='1', isAdHocSigned='0', signingCertificate='<DVTSigningCertificate: 0x7f8390efd8d0; name='Apple Development: Jill Willard (K325G46W47)', hash='E6E869BE4E7B204C388EAC522A862E12CEF660D6', serialNumber='7E346F09D6FB1401', certificateKinds='(
    "1.2.840.113635.100.6.1.12",
    "1.2.840.113635.100.6.1.2"
), issueDate='2020-03-27 21:18:49 +0000''>', entitlements='(null)', teamID='PY4645385H', identifier='com.clearent.quest.ClearentIdtechIOSFramework', executablePath='<DVTFilePath:0x7f8389e92770:'/Users/dhigginbotham/Library/Developer/Xcode/Archives/2020-06-05/VP3300 6-5-20, 6.34 AM.xcarchive/Products/Applications/IDTECH DEMO V2.app/Frameworks/ClearentIdtechIOSFramework.framework/ClearentIdtechIOSFramework'>', hardenedRuntime='0'>'>
2020-06-05 11:34:22 +0000  Running /usr/bin/xattr '-crs' '/var/folders/2c/k4g7gjb55b1dk4gpyr3d86nc0000gq/T/XcodeDistPipeline.~~~v1CFoc/Root/Payload/IDTECH DEMO V2.app'
2020-06-05 11:34:23 +0000  /usr/bin/xattr exited with 0
2020-06-05 11:34:23 +0000  Processing step: IDEDistributionCodesignStep
2020-06-05 11:34:23 +0000  Entitlements for <IDEDistributionItem: 0x7f838bfd2600; bundleID='com.clearent.quest.ClearentIdtechIOSFramework', path='<DVTFilePath:0x7f83859dfc40:'/Users/dhigginbotham/Library/Developer/Xcode/Archives/2020-06-05/VP3300 6-5-20, 6.34 AM.xcarchive/Products/Applications/IDTECH DEMO V2.app/Frameworks/ClearentIdtechIOSFramework.framework'>', codeSigningInfo='<_DVTCodeSigningInformation_Path: 0x7f8390fb25c0; isSigned='1', isAdHocSigned='0', signingCertificate='<DVTSigningCertificate: 0x7f8390e92d70; name='Apple Development: Jill Willard (K325G46W47)', hash='E6E869BE4E7B204C388EAC522A862E12CEF660D6', serialNumber='7E346F09D6FB1401', certificateKinds='(
    "1.2.840.113635.100.6.1.12",
    "1.2.840.113635.100.6.1.2"
), issueDate='2020-03-27 21:18:49 +0000''>', entitlements='(null)', teamID='PY4645385H', identifier='com.clearent.quest.ClearentIdtechIOSFramework', executablePath='<DVTFilePath:0x7f8389e92770:'/Users/dhigginbotham/Library/Developer/Xcode/Archives/2020-06-05/VP3300 6-5-20, 6.34 AM.xcarchive/Products/Applications/IDTECH DEMO V2.app/Frameworks/ClearentIdtechIOSFramework.framework/ClearentIdtechIOSFramework'>', hardenedRuntime='0'>'>: {
}
2020-06-05 11:34:23 +0000  Writing entitlements for <IDEDistributionItem: 0x7f838bfd2600; bundleID='com.clearent.quest.ClearentIdtechIOSFramework', path='<DVTFilePath:0x7f83859dfc40:'/Users/dhigginbotham/Library/Developer/Xcode/Archives/2020-06-05/VP3300 6-5-20, 6.34 AM.xcarchive/Products/Applications/IDTECH DEMO V2.app/Frameworks/ClearentIdtechIOSFramework.framework'>', codeSigningInfo='<_DVTCodeSigningInformation_Path: 0x7f8390fb25c0; isSigned='1', isAdHocSigned='0', signingCertificate='<DVTSigningCertificate: 0x7f8390ef7430; name='Apple Development: Jill Willard (K325G46W47)', hash='E6E869BE4E7B204C388EAC522A862E12CEF660D6', serialNumber='7E346F09D6FB1401', certificateKinds='(
    "1.2.840.113635.100.6.1.12",
    "1.2.840.113635.100.6.1.2"
), issueDate='2020-03-27 21:18:49 +0000''>', entitlements='(null)', teamID='PY4645385H', identifier='com.clearent.quest.ClearentIdtechIOSFramework', executablePath='<DVTFilePath:0x7f8389e92770:'/Users/dhigginbotham/Library/Developer/Xcode/Archives/2020-06-05/VP3300 6-5-20, 6.34 AM.xcarchive/Products/Applications/IDTECH DEMO V2.app/Frameworks/ClearentIdtechIOSFramework.framework/ClearentIdtechIOSFramework'>', hardenedRuntime='0'>'> to: /var/folders/2c/k4g7gjb55b1dk4gpyr3d86nc0000gq/T/XcodeDistPipeline.~~~v1CFoc/entitlements~~~bBYxyc
2020-06-05 11:34:23 +0000  Running /usr/bin/codesign '-vvv' '--force' '--sign' 'E6E869BE4E7B204C388EAC522A862E12CEF660D6' '--entitlements' '/var/folders/2c/k4g7gjb55b1dk4gpyr3d86nc0000gq/T/XcodeDistPipeline.~~~v1CFoc/entitlements~~~bBYxyc' '--preserve-metadata=identifier,flags,runtime' '/var/folders/2c/k4g7gjb55b1dk4gpyr3d86nc0000gq/T/XcodeDistPipeline.~~~v1CFoc/Root/Payload/IDTECH DEMO V2.app/Frameworks/ClearentIdtechIOSFramework.framework'
2020-06-05 11:34:23 +0000  /var/folders/2c/k4g7gjb55b1dk4gpyr3d86nc0000gq/T/XcodeDistPipeline.~~~v1CFoc/Root/Payload/IDTECH DEMO V2.app/Frameworks/ClearentIdtechIOSFramework.framework: replacing existing signature
2020-06-05 11:34:23 +0000  /var/folders/2c/k4g7gjb55b1dk4gpyr3d86nc0000gq/T/XcodeDistPipeline.~~~v1CFoc/Root/Payload/IDTECH DEMO V2.app/Frameworks/ClearentIdtechIOSFramework.framework: signed bundle with Mach-O universal (armv7 arm64) [com.clearent.quest.ClearentIdtechIOSFramework]
2020-06-05 11:34:23 +0000  /usr/bin/codesign exited with 0
2020-06-05 11:34:23 +0000  Entitlements for <IDEDistributionItem: 0x7f8390e82c40; bundleID='com.clearent.vp3300demo22', path='<DVTFilePath:0x7f8390d9efc0:'/Users/dhigginbotham/Library/Developer/Xcode/Archives/2020-06-05/VP3300 6-5-20, 6.34 AM.xcarchive/Products/Applications/IDTECH DEMO V2.app'>', codeSigningInfo='<_DVTCodeSigningInformation_Path: 0x7f8382d7f920; isSigned='1', isAdHocSigned='0', signingCertificate='<DVTSigningCertificate: 0x7f8386bcf5e0; name='Apple Development: Jill Willard (K325G46W47)', hash='E6E869BE4E7B204C388EAC522A862E12CEF660D6', serialNumber='7E346F09D6FB1401', certificateKinds='(
    "1.2.840.113635.100.6.1.12",
    "1.2.840.113635.100.6.1.2"
), issueDate='2020-03-27 21:18:49 +0000''>', entitlements='{
    "application-identifier" = "PY4645385H.com.clearent.vp3300demo22";
    "com.apple.developer.team-identifier" = PY4645385H;
    "get-task-allow" = 1;
    "keychain-access-groups" =     (
        "PY4645385H.com.clearent.vp3300demo22"
    );
}', teamID='PY4645385H', identifier='com.clearent.vp3300demo22', executablePath='<DVTFilePath:0x7f838ffd7ea0:'/Users/dhigginbotham/Library/Developer/Xcode/Archives/2020-06-05/VP3300 6-5-20, 6.34 AM.xcarchive/Products/Applications/IDTECH DEMO V2.app/IDTECH DEMO V2'>', hardenedRuntime='0'>'>: {
    "application-identifier" = "PY4645385H.com.clearent.vp3300demo22";
    "com.apple.developer.team-identifier" = PY4645385H;
    "get-task-allow" = 1;
    "keychain-access-groups" =     (
        "PY4645385H.com.clearent.vp3300demo22"
    );
}
2020-06-05 11:34:23 +0000  Writing entitlements for <IDEDistributionItem: 0x7f8390e82c40; bundleID='com.clearent.vp3300demo22', path='<DVTFilePath:0x7f8390d9efc0:'/Users/dhigginbotham/Library/Developer/Xcode/Archives/2020-06-05/VP3300 6-5-20, 6.34 AM.xcarchive/Products/Applications/IDTECH DEMO V2.app'>', codeSigningInfo='<_DVTCodeSigningInformation_Path: 0x7f8382d7f920; isSigned='1', isAdHocSigned='0', signingCertificate='<DVTSigningCertificate: 0x7f8390e0d6c0; name='Apple Development: Jill Willard (K325G46W47)', hash='E6E869BE4E7B204C388EAC522A862E12CEF660D6', serialNumber='7E346F09D6FB1401', certificateKinds='(
    "1.2.840.113635.100.6.1.12",
    "1.2.840.113635.100.6.1.2"
), issueDate='2020-03-27 21:18:49 +0000''>', entitlements='{
    "application-identifier" = "PY4645385H.com.clearent.vp3300demo22";
    "com.apple.developer.team-identifier" = PY4645385H;
    "get-task-allow" = 1;
    "keychain-access-groups" =     (
        "PY4645385H.com.clearent.vp3300demo22"
    );
}', teamID='PY4645385H', identifier='com.clearent.vp3300demo22', executablePath='<DVTFilePath:0x7f838ffd7ea0:'/Users/dhigginbotham/Library/Developer/Xcode/Archives/2020-06-05/VP3300 6-5-20, 6.34 AM.xcarchive/Products/Applications/IDTECH DEMO V2.app/IDTECH DEMO V2'>', hardenedRuntime='0'>'> to: /var/folders/2c/k4g7gjb55b1dk4gpyr3d86nc0000gq/T/XcodeDistPipeline.~~~v1CFoc/entitlements~~~tAWNJ3
2020-06-05 11:34:23 +0000  Running /usr/bin/codesign '-vvv' '--force' '--sign' 'E6E869BE4E7B204C388EAC522A862E12CEF660D6' '--entitlements' '/var/folders/2c/k4g7gjb55b1dk4gpyr3d86nc0000gq/T/XcodeDistPipeline.~~~v1CFoc/entitlements~~~tAWNJ3' '--preserve-metadata=identifier,flags,runtime' '/var/folders/2c/k4g7gjb55b1dk4gpyr3d86nc0000gq/T/XcodeDistPipeline.~~~v1CFoc/Root/Payload/IDTECH DEMO V2.app'
2020-06-05 11:34:23 +0000  /var/folders/2c/k4g7gjb55b1dk4gpyr3d86nc0000gq/T/XcodeDistPipeline.~~~v1CFoc/Root/Payload/IDTECH DEMO V2.app: replacing existing signature
2020-06-05 11:34:23 +0000  /var/folders/2c/k4g7gjb55b1dk4gpyr3d86nc0000gq/T/XcodeDistPipeline.~~~v1CFoc/Root/Payload/IDTECH DEMO V2.app: signed app bundle with Mach-O universal (armv7 arm64) [com.clearent.vp3300demo22]
2020-06-05 11:34:23 +0000  /usr/bin/codesign exited with 0
2020-06-05 11:34:23 +0000  Processing step: IDEDistributionZipODRItemStep
2020-06-05 11:34:23 +0000  Skipping step: IDEDistributionZipODRItemStep because it said so
2020-06-05 11:34:23 +0000  Skipping step: IDEDistributionZipODRItemStep because it said so
2020-06-05 11:34:23 +0000  Processing step: IDEDistributionCreateIPAStep
2020-06-05 11:34:23 +0000  Running /usr/bin/ditto '-V' '-c' '-k' '--norsrc' '/var/folders/2c/k4g7gjb55b1dk4gpyr3d86nc0000gq/T/XcodeDistPipeline.~~~v1CFoc/Root' '/var/folders/2c/k4g7gjb55b1dk4gpyr3d86nc0000gq/T/XcodeDistPipeline.~~~v1CFoc/Packages/VP3300.ipa'
2020-06-05 11:34:23 +0000  >>> Copying /var/folders/2c/k4g7gjb55b1dk4gpyr3d86nc0000gq/T/XcodeDistPipeline.~~~v1CFoc/Root 
2020-06-05 11:34:23 +0000  copying file ./Payload/IDTECH DEMO V2.app/_CodeSignature/CodeResources ... 
2020-06-05 11:34:23 +0000  14697 bytes for ./Payload/IDTECH DEMO V2.app/_CodeSignature/CodeResources
copying file ./Payload/IDTECH DEMO V2.app/chime.mp3 ... 
2020-06-05 11:34:23 +0000  34734 bytes for ./Payload/IDTECH DEMO V2.app/chime.mp3
copying file ./Payload/IDTECH DEMO V2.app/icon.png ... 
2020-06-05 11:34:23 +0000  6402 bytes for ./Payload/IDTECH DEMO V2.app/icon.png
copying file ./Payload/IDTECH DEMO V2.app/Default-Portrait@2x.png ... 
2020-06-05 11:34:23 +0000  88290 bytes for ./Payload/IDTECH DEMO V2.app/Default-Portrait@2x.png
2020-06-05 11:34:23 +0000  copying file ./Payload/IDTECH DEMO V2.app/en.lproj/InfoPlist.strings ... 
42 bytes for ./Payload/IDTECH DEMO V2.app/en.lproj/InfoPlist.strings
copying file ./Payload/IDTECH DEMO V2.app/en.lproj/ViewController_iPad.nib ... 
2020-06-05 11:34:23 +0000  13789 bytes for ./Payload/IDTECH DEMO V2.app/en.lproj/ViewController_iPad.nib
copying file ./Payload/IDTECH DEMO V2.app/3591.png ... 
2020-06-05 11:34:23 +0000  12434 bytes for ./Payload/IDTECH DEMO V2.app/3591.png
copying file ./Payload/IDTECH DEMO V2.app/Default-Portrait.png ... 
2020-06-05 11:34:23 +0000  39590 bytes for ./Payload/IDTECH DEMO V2.app/Default-Portrait.png
copying file ./Payload/IDTECH DEMO V2.app/Default@2x.png ... 
2020-06-05 11:34:23 +0000  15901 bytes for ./Payload/IDTECH DEMO V2.app/Default@2x.png
copying file ./Payload/IDTECH DEMO V2.app/IDTECH DEMO V2 ... 
2020-06-05 11:34:23 +0000  259280 bytes for ./Payload/IDTECH DEMO V2.app/IDTECH DEMO V2
copying file ./Payload/IDTECH DEMO V2.app/Icon-72.png ... 
2020-06-05 11:34:23 +0000  7697 bytes for ./Payload/IDTECH DEMO V2.app/Icon-72.png
copying file ./Payload/IDTECH DEMO V2.app/btnClear.png ... 
2020-06-05 11:34:23 +0000  260 bytes for ./Payload/IDTECH DEMO V2.app/btnClear.png
copying file ./Payload/IDTECH DEMO V2.app/checkmark.png ... 
2020-06-05 11:34:23 +0000  41365 bytes for ./Payload/IDTECH DEMO V2.app/checkmark.png
copying file ./Payload/IDTECH DEMO V2.app/pop.m4a ... 
2020-06-05 11:34:23 +0000  32749 bytes for ./Payload/IDTECH DEMO V2.app/pop.m4a
copying file ./Payload/IDTECH DEMO V2.app/Icon@2x.png ... 
2020-06-05 11:34:23 +0000  11601 bytes for ./Payload/IDTECH DEMO V2.app/Icon@2x.png
copying file ./Payload/IDTECH DEMO V2.app/Default-568h@2x.png ... 
2020-06-05 11:34:23 +0000  16636 bytes for ./Payload/IDTECH DEMO V2.app/Default-568h@2x.png
copying file ./Payload/IDTECH DEMO V2.app/IDTechLogo.png ... 
2020-06-05 11:34:23 +0000  5867 bytes for ./Payload/IDTECH DEMO V2.app/IDTechLogo.png
copying file ./Payload/IDTECH DEMO V2.app/IDTechLogo.jpg ... 
2020-06-05 11:34:23 +0000  6286 bytes for ./Payload/IDTECH DEMO V2.app/IDTechLogo.jpg
2020-06-05 11:34:23 +0000  copying file ./Payload/IDTECH DEMO V2.app/2531170_191716885000_2.jpg ... 
2020-06-05 11:34:23 +0000  75572 bytes for ./Payload/IDTECH DEMO V2.app/2531170_191716885000_2.jpg
copying file ./Payload/IDTECH DEMO V2.app/insertcard.png ... 
2020-06-05 11:34:23 +0000  2692 bytes for ./Payload/IDTECH DEMO V2.app/insertcard.png
2020-06-05 11:34:23 +0000  copying file ./Payload/IDTECH DEMO V2.app/Frameworks/ClearentIdtechIOSFramework.framework/_CodeSignature/CodeResources ... 
2020-06-05 11:34:23 +0000  2084 bytes for ./Payload/IDTECH DEMO V2.app/Frameworks/ClearentIdtechIOSFramework.framework/_CodeSignature/CodeResources
copying file ./Payload/IDTECH DEMO V2.app/Frameworks/ClearentIdtechIOSFramework.framework/.gitignore ... 
446 bytes for ./Payload/IDTECH DEMO V2.app/Frameworks/ClearentIdtechIOSFramework.framework/.gitignore
copying file ./Payload/IDTECH DEMO V2.app/Frameworks/ClearentIdtechIOSFramework.framework/ClearentIdtechIOSFramework ... 
2020-06-05 11:34:23 +0000  2425440 bytes for ./Payload/IDTECH DEMO V2.app/Frameworks/ClearentIdtechIOSFramework.framework/ClearentIdtechIOSFramework
copying file ./Payload/IDTECH DEMO V2.app/Frameworks/ClearentIdtechIOSFramework.framework/Info.plist ... 
2020-06-05 11:34:23 +0000  1410 bytes for ./Payload/IDTECH DEMO V2.app/Frameworks/ClearentIdtechIOSFramework.framework/Info.plist
copying file ./Payload/IDTECH DEMO V2.app/embedded.mobileprovision ... 
15638 bytes for ./Payload/IDTECH DEMO V2.app/embedded.mobileprovision
2020-06-05 11:34:23 +0000  copying file ./Payload/IDTECH DEMO V2.app/credit-card-icon-png-1.png ... 
2020-06-05 11:34:23 +0000  9911 bytes for ./Payload/IDTECH DEMO V2.app/credit-card-icon-png-1.png
copying file ./Payload/IDTECH DEMO V2.app/Default.png ... 
2020-06-05 11:34:23 +0000  14524 bytes for ./Payload/IDTECH DEMO V2.app/Default.png
copying file ./Payload/IDTECH DEMO V2.app/Info.plist ... 
2020-06-05 11:34:23 +0000  1303 bytes for ./Payload/IDTECH DEMO V2.app/Info.plist
copying file ./Payload/IDTECH DEMO V2.app/PkgInfo ... 
2020-06-05 11:34:23 +0000  8 bytes for ./Payload/IDTECH DEMO V2.app/PkgInfo
copying file ./Payload/IDTECH DEMO V2.app/IDTech.bundle/UniPay V1.00-EN.err ... 
2020-06-05 11:34:23 +0000  4527 bytes for ./Payload/IDTECH DEMO V2.app/IDTech.bundle/UniPay V1.00-EN.err
copying file ./Payload/IDTECH DEMO V2.app/IDTech.bundle/1u.xml ... 
2020-06-05 11:34:23 +0000  55419 bytes for ./Payload/IDTECH DEMO V2.app/IDTech.bundle/1u.xml
copying file ./Payload/IDTECH DEMO V2.app/IDTech.bundle/ResourceVersion.txt ... 
2020-06-05 11:34:23 +0000  35 bytes for ./Payload/IDTECH DEMO V2.app/IDTech.bundle/ResourceVersion.txt
copying file ./Payload/IDTECH DEMO V2.app/IDTech.bundle/BTPay 200 V1.00-EN.err ... 
2020-06-05 11:34:23 +0000  4527 bytes for ./Payload/IDTECH DEMO V2.app/IDTech.bundle/BTPay 200 V1.00-EN.err
copying file ./Payload/IDTECH DEMO V2.app/IDTech.bundle/InfoPlist.strings ... 
42 bytes for ./Payload/IDTECH DEMO V2.app/IDTech.bundle/InfoPlist.strings
copying file ./Payload/IDTECH DEMO V2.app/IDTech.bundle/3u.xml ... 
2020-06-05 11:34:23 +0000  55631 bytes for ./Payload/IDTECH DEMO V2.app/IDTech.bundle/3u.xml
copying file ./Payload/IDTECH DEMO V2.app/IDTech.bundle/KernelLCD.kmsg ... 
2020-06-05 11:34:23 +0000  16229 bytes for ./Payload/IDTECH DEMO V2.app/IDTech.bundle/KernelLCD.kmsg
copying file ./Payload/IDTECH DEMO V2.app/IDTech.bundle/2u.xml ... 
2020-06-05 11:34:23 +0000  56268 bytes for ./Payload/IDTECH DEMO V2.app/IDTech.bundle/2u.xml
copying file ./Payload/IDTECH DEMO V2.app/IDTech.bundle/grsiStatusCodes-EN.err ... 
2020-06-05 11:34:23 +0000  15752 bytes for ./Payload/IDTECH DEMO V2.app/IDTech.bundle/grsiStatusCodes-EN.err
copying file ./Payload/IDTECH DEMO V2.app/IDTech.bundle/4.xml ... 
2020-06-05 11:34:23 +0000  55471 bytes for ./Payload/IDTECH DEMO V2.app/IDTech.bundle/4.xml
copying file ./Payload/IDTECH DEMO V2.app/IDTech.bundle/2.xml ... 
2020-06-05 11:34:23 +0000  56267 bytes for ./Payload/IDTECH DEMO V2.app/IDTech.bundle/2.xml
copying file ./Payload/IDTECH DEMO V2.app/IDTech.bundle/4u.xml ... 
2020-06-05 11:34:23 +0000  55471 bytes for ./Payload/IDTECH DEMO V2.app/IDTech.bundle/4u.xml
copying file ./Payload/IDTECH DEMO V2.app/IDTech.bundle/errors-EN.err ... 
2020-06-05 11:34:23 +0000  9688 bytes for ./Payload/IDTECH DEMO V2.app/IDTech.bundle/errors-EN.err
copying file ./Payload/IDTECH DEMO V2.app/IDTech.bundle/3.xml ... 
2020-06-05 11:34:23 +0000  55631 bytes for ./Payload/IDTECH DEMO V2.app/IDTech.bundle/3.xml
copying file ./Payload/IDTECH DEMO V2.app/IDTech.bundle/Info.plist ... 
2020-06-05 11:34:23 +0000  1084 bytes for ./Payload/IDTECH DEMO V2.app/IDTech.bundle/Info.plist
copying file ./Payload/IDTECH DEMO V2.app/IDTech.bundle/1.xml ... 
2020-06-05 11:34:23 +0000  55419 bytes for ./Payload/IDTECH DEMO V2.app/IDTech.bundle/1.xml
2020-06-05 11:34:23 +0000  /usr/bin/ditto exited with 0
2020-06-05 11:34:23 +0000  Processing step: IDEDistributionAppStoreInformationStep
2020-06-05 11:34:23 +0000  Skipping step: IDEDistributionAppStoreInformationStep because it said so
2020-06-05 11:34:23 +0000  Processing step: IDEDistributionGenerateProcessedDistributionItems
2020-06-05 11:34:23 +0000  Processing step: IDEDistributionCreateManifestStep
