2020-06-25 15:00:16 +0000  Initial pipeline context: <IDEDistributionProcessingPipelineContext: 0x7ff8c02d6d10; archive(resolved)='<IDEArchive: 0x7ff8c001df60>', distributionTask(resolved)='2', distributionDestination(resolved)='1', distributionMethod(resolved)='<IDEDistributionMethodDevelopmentSigned: 0x7ff8db4b1120>', team(resolved)='<IDEProvisioningDisambiguatableBasicTeam: 0x7ff8d9444310; teamID='PY4645385H', teamName='Clearent, LLC', teamType='Company', username='jwillard@clearent.com', isFreeProvisioningTeam='0'>'>
	Chain (13, self inclusive):
	<IDEDistributionProcessingPipelineContext: 0x7ff8c02d6d10; archive = '<IDEArchive: 0x7ff8c001df60>', distributionMethod='<IDEDistributionMethodDevelopmentSigned: 0x7ff8db4b1120>', team='<IDEProvisioningDisambiguatableBasicTeam: 0x7ff8d9444310; teamID='PY4645385H', teamName='Clearent, LLC', teamType='Company', username='jwillard@clearent.com', isFreeProvisioningTeam='0'>'>
	<IDEDistributionProcessingPipelineContext: 0x7ff8c29f1dd0; archive = '<IDEArchive: 0x7ff8c001df60>', distributionMethod='<IDEDistributionMethodDevelopmentSigned: 0x7ff8db4b1120>', team='<IDEProvisioningDisambiguatableBasicTeam: 0x7ff8d9444310; teamID='PY4645385H', teamName='Clearent, LLC', teamType='Company', username='jwillard@clearent.com', isFreeProvisioningTeam='0'>'>
	<IDEDistributionContext: 0x7ff8db7b2560; archive = '<IDEArchive: 0x7ff8c001df60>', distributionMethod='<IDEDistributionMethodDevelopmentSigned: 0x7ff8db4b1120>', team='<IDEProvisioningDisambiguatableBasicTeam: 0x7ff8d9444310; teamID='PY4645385H', teamName='Clearent, LLC', teamType='Company', username='jwillard@clearent.com', isFreeProvisioningTeam='0'>'>
	<IDEDistributionContext: 0x7ff8d675fec0; archive = '<IDEArchive: 0x7ff8c001df60>', distributionMethod='<IDEDistributionMethodDevelopmentSigned: 0x7ff8db4b1120>', team='<IDEProvisioningDisambiguatableBasicTeam: 0x7ff8d9444310; teamID='PY4645385H', teamName='Clearent, LLC', teamType='Company', username='jwillard@clearent.com', isFreeProvisioningTeam='0'>'>
	<IDEDistributionContext: 0x7ff8dca14fe0; archive = '<IDEArchive: 0x7ff8c001df60>', distributionMethod='<IDEDistributionMethodDevelopmentSigned: 0x7ff8db4b1120>', team='<IDEProvisioningDisambiguatableBasicTeam: 0x7ff8d9444310; teamID='PY4645385H', teamName='Clearent, LLC', teamType='Company', username='jwillard@clearent.com', isFreeProvisioningTeam='0'>'>
	<IDEDistributionContext: 0x7ff8dd0cd3e0; archive = '<IDEArchive: 0x7ff8c001df60>', distributionMethod='<IDEDistributionMethodDevelopmentSigned: 0x7ff8db4b1120>', team='<IDEProvisioningDisambiguatableBasicTeam: 0x7ff8d9444310; teamID='PY4645385H', teamName='Clearent, LLC', teamType='Company', username='jwillard@clearent.com', isFreeProvisioningTeam='0'>'>
	<IDEDistributionContext: 0x7ff8dcac0d30; archive = '<IDEArchive: 0x7ff8c001df60>', distributionMethod='<IDEDistributionMethodDevelopmentSigned: 0x7ff8db4b1120>', team='<IDEProvisioningDisambiguatableBasicTeam: 0x7ff8d9444310; teamID='PY4645385H', teamName='Clearent, LLC', teamType='Company', username='jwillard@clearent.com', isFreeProvisioningTeam='0'>'>
	<IDEDistributionContext: 0x7ff8dcac06f0; archive = '<IDEArchive: 0x7ff8c001df60>', distributionMethod='<IDEDistributionMethodDevelopmentSigned: 0x7ff8db4b1120>', team='<IDEProvisioningDisambiguatableBasicTeam: 0x7ff8d9444310; teamID='PY4645385H', teamName='Clearent, LLC', teamType='Company', username='jwillard@clearent.com', isFreeProvisioningTeam='0'>'>
	<IDEDistributionContext: 0x7ff8d96ca4e0; archive = '<IDEArchive: 0x7ff8c001df60>', distributionMethod='<IDEDistributionMethodDevelopmentSigned: 0x7ff8db4b1120>', team='<IDEProvisioningDisambiguatableBasicTeam: 0x7ff8d9444310; teamID='PY4645385H', teamName='Clearent, LLC', teamType='Company', username='jwillard@clearent.com', isFreeProvisioningTeam='0'>'>
	<IDEDistributionContext: 0x7ff8db75dbd0; archive = '<IDEArchive: 0x7ff8c001df60>', distributionMethod='<IDEDistributionMethodDevelopmentSigned: 0x7ff8db4b1120>', team='(null)'>
	<IDEDistributionContext: 0x7ff8dca079a0; archive = '<IDEArchive: 0x7ff8c001df60>', distributionMethod='<IDEDistributionMethodDevelopmentSigned: 0x7ff8db4b1120>', team='(null)'>
	<IDEDistributionContext: 0x7ff8db1dfa30; archive = '<IDEArchive: 0x7ff8c001df60>', distributionMethod='<IDEDistributionMethodDevelopmentSigned: 0x7ff8db4b1120>', team='(null)'>
	<IDEDistributionContext: 0x7ff8d9fdd670; archive = '<IDEArchive: 0x7ff8c001df60>', distributionMethod='(null)', team='(null)'>
</IDEDistributionProcessingPipelineContext: 0x7ff8c02d6d10>
2020-06-25 15:00:16 +0000  Processing step: IDEDistributionCreateDestRootStep
2020-06-25 15:00:16 +0000  Processing step: IDEDistributionCopyItemStep
2020-06-25 15:00:16 +0000  Running /usr/bin/ditto '-V' '/Users/dhigginbotham/Library/Developer/Xcode/Archives/2020-06-25/VP3300 6-25-20, 9.59 AM.xcarchive/Products/Applications/DEMO V2.0.4.app' '/var/folders/2c/k4g7gjb55b1dk4gpyr3d86nc0000gq/T/XcodeDistPipeline.~~~EQyUeZ/Root/Payload/DEMO V2.0.4.app'
2020-06-25 15:00:16 +0000  >>> Copying /Users/dhigginbotham/Library/Developer/Xcode/Archives/2020-06-25/VP3300 6-25-20, 9.59 AM.xcarchive/Products/Applications/DEMO V2.0.4.app 
2020-06-25 15:00:16 +0000  copying file ./_CodeSignature/CodeResources ... 
2020-06-25 15:00:16 +0000  14697 bytes for ./_CodeSignature/CodeResources
2020-06-25 15:00:16 +0000  copying file ./chime.mp3 ... 
2020-06-25 15:00:16 +0000  34734 bytes for ./chime.mp3
copying file ./icon.png ... 
2020-06-25 15:00:16 +0000  6402 bytes for ./icon.png
2020-06-25 15:00:16 +0000  copying file ./Default-Portrait@2x.png ... 
2020-06-25 15:00:16 +0000  88290 bytes for ./Default-Portrait@2x.png
2020-06-25 15:00:16 +0000  copying file ./en.lproj/InfoPlist.strings ... 
2020-06-25 15:00:16 +0000  42 bytes for ./en.lproj/InfoPlist.strings
2020-06-25 15:00:16 +0000  copying file ./en.lproj/ViewController_iPad.nib ... 
2020-06-25 15:00:16 +0000  13784 bytes for ./en.lproj/ViewController_iPad.nib
2020-06-25 15:00:16 +0000  copying file ./3591.png ... 
2020-06-25 15:00:16 +0000  12434 bytes for ./3591.png
2020-06-25 15:00:16 +0000  copying file ./Default-Portrait.png ... 
2020-06-25 15:00:16 +0000  39590 bytes for ./Default-Portrait.png
2020-06-25 15:00:16 +0000  copying file ./Default@2x.png ... 
2020-06-25 15:00:16 +0000  15901 bytes for ./Default@2x.png
copying file ./Icon-72.png ... 
2020-06-25 15:00:16 +0000  7697 bytes for ./Icon-72.png
copying file ./btnClear.png ... 
2020-06-25 15:00:16 +0000  260 bytes for ./btnClear.png
copying file ./checkmark.png ... 
2020-06-25 15:00:16 +0000  41365 bytes for ./checkmark.png
copying file ./pop.m4a ... 
2020-06-25 15:00:16 +0000  32749 bytes for ./pop.m4a
copying file ./Icon@2x.png ... 
2020-06-25 15:00:16 +0000  11601 bytes for ./Icon@2x.png
2020-06-25 15:00:16 +0000  copying file ./Default-568h@2x.png ... 
2020-06-25 15:00:16 +0000  16636 bytes for ./Default-568h@2x.png
copying file ./DEMO V2.0.4 ... 
2020-06-25 15:00:16 +0000  259280 bytes for ./DEMO V2.0.4
2020-06-25 15:00:16 +0000  copying file ./IDTechLogo.png ... 
2020-06-25 15:00:16 +0000  5867 bytes for ./IDTechLogo.png
copying file ./IDTechLogo.jpg ... 
2020-06-25 15:00:16 +0000  6286 bytes for ./IDTechLogo.jpg
2020-06-25 15:00:16 +0000  copying file ./2531170_191716885000_2.jpg ... 
2020-06-25 15:00:16 +0000  75572 bytes for ./2531170_191716885000_2.jpg
2020-06-25 15:00:16 +0000  copying file ./insertcard.png ... 
2020-06-25 15:00:16 +0000  2692 bytes for ./insertcard.png
2020-06-25 15:00:16 +0000  copying file ./Frameworks/ClearentIdtechIOSFramework.framework/_CodeSignature/CodeResources ... 
2020-06-25 15:00:16 +0000  2084 bytes for ./Frameworks/ClearentIdtechIOSFramework.framework/_CodeSignature/CodeResources
2020-06-25 15:00:16 +0000  copying file ./Frameworks/ClearentIdtechIOSFramework.framework/.gitignore ... 
2020-06-25 15:00:16 +0000  446 bytes for ./Frameworks/ClearentIdtechIOSFramework.framework/.gitignore
2020-06-25 15:00:16 +0000  copying file ./Frameworks/ClearentIdtechIOSFramework.framework/ClearentIdtechIOSFramework ... 
2020-06-25 15:00:16 +0000  2425136 bytes for ./Frameworks/ClearentIdtechIOSFramework.framework/ClearentIdtechIOSFramework
2020-06-25 15:00:16 +0000  copying file ./Frameworks/ClearentIdtechIOSFramework.framework/Info.plist ... 
1410 bytes for ./Frameworks/ClearentIdtechIOSFramework.framework/Info.plist
2020-06-25 15:00:16 +0000  copying file ./embedded.mobileprovision ... 
2020-06-25 15:00:16 +0000  15638 bytes for ./embedded.mobileprovision
2020-06-25 15:00:16 +0000  copying file ./credit-card-icon-png-1.png ... 
2020-06-25 15:00:16 +0000  9911 bytes for ./credit-card-icon-png-1.png
copying file ./Default.png ... 
2020-06-25 15:00:16 +0000  14524 bytes for ./Default.png
copying file ./Info.plist ... 
2020-06-25 15:00:16 +0000  1299 bytes for ./Info.plist
2020-06-25 15:00:16 +0000  copying file ./PkgInfo ... 
2020-06-25 15:00:16 +0000  8 bytes for ./PkgInfo
2020-06-25 15:00:16 +0000  copying file ./IDTech.bundle/UniPay V1.00-EN.err ... 
2020-06-25 15:00:16 +0000  4527 bytes for ./IDTech.bundle/UniPay V1.00-EN.err
2020-06-25 15:00:16 +0000  copying file ./IDTech.bundle/1u.xml ... 
2020-06-25 15:00:16 +0000  55419 bytes for ./IDTech.bundle/1u.xml
2020-06-25 15:00:16 +0000  copying file ./IDTech.bundle/ResourceVersion.txt ... 
2020-06-25 15:00:16 +0000  35 bytes for ./IDTech.bundle/ResourceVersion.txt
2020-06-25 15:00:16 +0000  copying file ./IDTech.bundle/BTPay 200 V1.00-EN.err ... 
2020-06-25 15:00:16 +0000  4527 bytes for ./IDTech.bundle/BTPay 200 V1.00-EN.err
2020-06-25 15:00:16 +0000  copying file ./IDTech.bundle/InfoPlist.strings ... 
2020-06-25 15:00:16 +0000  42 bytes for ./IDTech.bundle/InfoPlist.strings
2020-06-25 15:00:16 +0000  copying file ./IDTech.bundle/3u.xml ... 
2020-06-25 15:00:16 +0000  55631 bytes for ./IDTech.bundle/3u.xml
2020-06-25 15:00:16 +0000  copying file ./IDTech.bundle/KernelLCD.kmsg ... 
2020-06-25 15:00:16 +0000  16229 bytes for ./IDTech.bundle/KernelLCD.kmsg
2020-06-25 15:00:16 +0000  copying file ./IDTech.bundle/2u.xml ... 
2020-06-25 15:00:16 +0000  56268 bytes for ./IDTech.bundle/2u.xml
2020-06-25 15:00:16 +0000  copying file ./IDTech.bundle/grsiStatusCodes-EN.err ... 
2020-06-25 15:00:16 +0000  15752 bytes for ./IDTech.bundle/grsiStatusCodes-EN.err
2020-06-25 15:00:16 +0000  copying file ./IDTech.bundle/4.xml ... 
2020-06-25 15:00:16 +0000  55471 bytes for ./IDTech.bundle/4.xml
2020-06-25 15:00:16 +0000  copying file ./IDTech.bundle/2.xml ... 
2020-06-25 15:00:16 +0000  56267 bytes for ./IDTech.bundle/2.xml
2020-06-25 15:00:16 +0000  copying file ./IDTech.bundle/4u.xml ... 
2020-06-25 15:00:16 +0000  55471 bytes for ./IDTech.bundle/4u.xml
2020-06-25 15:00:16 +0000  copying file ./IDTech.bundle/errors-EN.err ... 
2020-06-25 15:00:16 +0000  9688 bytes for ./IDTech.bundle/errors-EN.err
2020-06-25 15:00:16 +0000  copying file ./IDTech.bundle/3.xml ... 
2020-06-25 15:00:16 +0000  55631 bytes for ./IDTech.bundle/3.xml
2020-06-25 15:00:16 +0000  copying file ./IDTech.bundle/Info.plist ... 
2020-06-25 15:00:16 +0000  1084 bytes for ./IDTech.bundle/Info.plist
2020-06-25 15:00:16 +0000  copying file ./IDTech.bundle/1.xml ... 
2020-06-25 15:00:16 +0000  55419 bytes for ./IDTech.bundle/1.xml
2020-06-25 15:00:16 +0000  /usr/bin/ditto exited with 0
2020-06-25 15:00:16 +0000  Processing step: IDEDistributionEmbedProfileStep
2020-06-25 15:00:16 +0000  Skipping profile for item: <IDEDistributionItem: 0x7ff8db7c0a80; bundleID='com.clearent.quest.ClearentIdtechIOSFramework', path='<DVTFilePath:0x7ff8dc8d0860:'/Users/dhigginbotham/Library/Developer/Xcode/Archives/2020-06-25/VP3300 6-25-20, 9.59 AM.xcarchive/Products/Applications/DEMO V2.0.4.app/Frameworks/ClearentIdtechIOSFramework.framework'>', codeSigningInfo='<_DVTCodeSigningInformation_Path: 0x7ff8db08bd50; isSigned='1', isAdHocSigned='0', signingCertificate='<DVTSigningCertificate: 0x7ff8dca9f910; name='Apple Development: Jill Willard (K325G46W47)', hash='E6E869BE4E7B204C388EAC522A862E12CEF660D6', serialNumber='7E346F09D6FB1401', certificateKinds='(
    "1.2.840.113635.100.6.1.12",
    "1.2.840.113635.100.6.1.2"
), issueDate='2020-03-27 21:18:49 +0000''>', entitlements='(null)', teamID='PY4645385H', identifier='com.clearent.quest.ClearentIdtechIOSFramework', executablePath='<DVTFilePath:0x7ff8dd294810:'/Users/dhigginbotham/Library/Developer/Xcode/Archives/2020-06-25/VP3300 6-25-20, 9.59 AM.xcarchive/Products/Applications/DEMO V2.0.4.app/Frameworks/ClearentIdtechIOSFramework.framework/ClearentIdtechIOSFramework'>', hardenedRuntime='0'>'>
2020-06-25 15:00:16 +0000  Processing step: IDEDistributionInfoPlistStep
2020-06-25 15:00:16 +0000  Skipping step: IDEDistributionInfoPlistStep because it said so
2020-06-25 15:00:16 +0000  Skipping step: IDEDistributionInfoPlistStep because it said so
2020-06-25 15:00:16 +0000  Processing step: IDEDistributionAppThinningPlistStep
2020-06-25 15:00:16 +0000  Skipping step: IDEDistributionAppThinningPlistStep because it said so
2020-06-25 15:00:16 +0000  Processing step: IDEDistributionCompileBitcodeStep
2020-06-25 15:00:16 +0000  Skipping step: IDEDistributionCompileBitcodeStep because it said so
2020-06-25 15:00:16 +0000  Processing step: IDEDistributionCodeSlimmingStep
2020-06-25 15:00:16 +0000  Processing step: IDEDistributionCopyBCSymbolMapsStep
2020-06-25 15:00:16 +0000  Skipping step: IDEDistributionCopyBCSymbolMapsStep because it said so
2020-06-25 15:00:16 +0000  Skipping step: IDEDistributionCopyBCSymbolMapsStep because it said so
2020-06-25 15:00:16 +0000  Processing step: IDEDistributionSymbolsStep
2020-06-25 15:00:16 +0000  Skipping step: IDEDistributionSymbolsStep because it said so
2020-06-25 15:00:16 +0000  Skipping step: IDEDistributionSymbolsStep because it said so
2020-06-25 15:00:16 +0000  Processing step: IDEDistributionAppThinningStep
2020-06-25 15:00:16 +0000  Skipping step: IDEDistributionAppThinningStep because it said so
2020-06-25 15:00:16 +0000  Processing step: IDEDistributionArchThinningStep
2020-06-25 15:00:16 +0000  Running /Applications/Xcode.app/Contents/Developer/Toolchains/XcodeDefault.xctoolchain/usr/bin/lipo '/var/folders/2c/k4g7gjb55b1dk4gpyr3d86nc0000gq/T/XcodeDistPipeline.~~~EQyUeZ/Root/Payload/DEMO V2.0.4.app/Frameworks/ClearentIdtechIOSFramework.framework/ClearentIdtechIOSFramework' '-verify_arch' 'arm64e'
2020-06-25 15:00:16 +0000  /Applications/Xcode.app/Contents/Developer/Toolchains/XcodeDefault.xctoolchain/usr/bin/lipo exited with 1
2020-06-25 15:00:16 +0000  Skipping architecture thinning for item "ClearentIdtechIOSFramework" because arch "arm64e" wasn't found
2020-06-25 15:00:16 +0000  Running /Applications/Xcode.app/Contents/Developer/Toolchains/XcodeDefault.xctoolchain/usr/bin/lipo '/var/folders/2c/k4g7gjb55b1dk4gpyr3d86nc0000gq/T/XcodeDistPipeline.~~~EQyUeZ/Root/Payload/DEMO V2.0.4.app/DEMO V2.0.4' '-verify_arch' 'arm64e'
2020-06-25 15:00:16 +0000  /Applications/Xcode.app/Contents/Developer/Toolchains/XcodeDefault.xctoolchain/usr/bin/lipo exited with 1
2020-06-25 15:00:16 +0000  Skipping architecture thinning for item "DEMO V2.0.4" because arch "arm64e" wasn't found
2020-06-25 15:00:16 +0000  Processing step: IDEDistributionODRStep
2020-06-25 15:00:16 +0000  Processing step: IDEDistributionStripXattrsStep
2020-06-25 15:00:16 +0000  Skipping stripping extended attributes of item: <IDEDistributionItem: 0x7ff8db7c0a80; bundleID='com.clearent.quest.ClearentIdtechIOSFramework', path='<DVTFilePath:0x7ff8dc8d0860:'/Users/dhigginbotham/Library/Developer/Xcode/Archives/2020-06-25/VP3300 6-25-20, 9.59 AM.xcarchive/Products/Applications/DEMO V2.0.4.app/Frameworks/ClearentIdtechIOSFramework.framework'>', codeSigningInfo='<_DVTCodeSigningInformation_Path: 0x7ff8db08bd50; isSigned='1', isAdHocSigned='0', signingCertificate='<DVTSigningCertificate: 0x7ff8db1a6e00; name='Apple Development: Jill Willard (K325G46W47)', hash='E6E869BE4E7B204C388EAC522A862E12CEF660D6', serialNumber='7E346F09D6FB1401', certificateKinds='(
    "1.2.840.113635.100.6.1.12",
    "1.2.840.113635.100.6.1.2"
), issueDate='2020-03-27 21:18:49 +0000''>', entitlements='(null)', teamID='PY4645385H', identifier='com.clearent.quest.ClearentIdtechIOSFramework', executablePath='<DVTFilePath:0x7ff8dd294810:'/Users/dhigginbotham/Library/Developer/Xcode/Archives/2020-06-25/VP3300 6-25-20, 9.59 AM.xcarchive/Products/Applications/DEMO V2.0.4.app/Frameworks/ClearentIdtechIOSFramework.framework/ClearentIdtechIOSFramework'>', hardenedRuntime='0'>'>
2020-06-25 15:00:16 +0000  Running /usr/bin/xattr '-crs' '/var/folders/2c/k4g7gjb55b1dk4gpyr3d86nc0000gq/T/XcodeDistPipeline.~~~EQyUeZ/Root/Payload/DEMO V2.0.4.app'
2020-06-25 15:00:16 +0000  /usr/bin/xattr exited with 0
2020-06-25 15:00:16 +0000  Processing step: IDEDistributionCodesignStep
2020-06-25 15:00:16 +0000  Entitlements for <IDEDistributionItem: 0x7ff8db7c0a80; bundleID='com.clearent.quest.ClearentIdtechIOSFramework', path='<DVTFilePath:0x7ff8dc8d0860:'/Users/dhigginbotham/Library/Developer/Xcode/Archives/2020-06-25/VP3300 6-25-20, 9.59 AM.xcarchive/Products/Applications/DEMO V2.0.4.app/Frameworks/ClearentIdtechIOSFramework.framework'>', codeSigningInfo='<_DVTCodeSigningInformation_Path: 0x7ff8db08bd50; isSigned='1', isAdHocSigned='0', signingCertificate='<DVTSigningCertificate: 0x7ff8db1a6e00; name='Apple Development: Jill Willard (K325G46W47)', hash='E6E869BE4E7B204C388EAC522A862E12CEF660D6', serialNumber='7E346F09D6FB1401', certificateKinds='(
    "1.2.840.113635.100.6.1.12",
    "1.2.840.113635.100.6.1.2"
), issueDate='2020-03-27 21:18:49 +0000''>', entitlements='(null)', teamID='PY4645385H', identifier='com.clearent.quest.ClearentIdtechIOSFramework', executablePath='<DVTFilePath:0x7ff8dd294810:'/Users/dhigginbotham/Library/Developer/Xcode/Archives/2020-06-25/VP3300 6-25-20, 9.59 AM.xcarchive/Products/Applications/DEMO V2.0.4.app/Frameworks/ClearentIdtechIOSFramework.framework/ClearentIdtechIOSFramework'>', hardenedRuntime='0'>'>: {
}
2020-06-25 15:00:16 +0000  Writing entitlements for <IDEDistributionItem: 0x7ff8db7c0a80; bundleID='com.clearent.quest.ClearentIdtechIOSFramework', path='<DVTFilePath:0x7ff8dc8d0860:'/Users/dhigginbotham/Library/Developer/Xcode/Archives/2020-06-25/VP3300 6-25-20, 9.59 AM.xcarchive/Products/Applications/DEMO V2.0.4.app/Frameworks/ClearentIdtechIOSFramework.framework'>', codeSigningInfo='<_DVTCodeSigningInformation_Path: 0x7ff8db08bd50; isSigned='1', isAdHocSigned='0', signingCertificate='<DVTSigningCertificate: 0x7ff8db1fc890; name='Apple Development: Jill Willard (K325G46W47)', hash='E6E869BE4E7B204C388EAC522A862E12CEF660D6', serialNumber='7E346F09D6FB1401', certificateKinds='(
    "1.2.840.113635.100.6.1.12",
    "1.2.840.113635.100.6.1.2"
), issueDate='2020-03-27 21:18:49 +0000''>', entitlements='(null)', teamID='PY4645385H', identifier='com.clearent.quest.ClearentIdtechIOSFramework', executablePath='<DVTFilePath:0x7ff8dd294810:'/Users/dhigginbotham/Library/Developer/Xcode/Archives/2020-06-25/VP3300 6-25-20, 9.59 AM.xcarchive/Products/Applications/DEMO V2.0.4.app/Frameworks/ClearentIdtechIOSFramework.framework/ClearentIdtechIOSFramework'>', hardenedRuntime='0'>'> to: /var/folders/2c/k4g7gjb55b1dk4gpyr3d86nc0000gq/T/XcodeDistPipeline.~~~EQyUeZ/entitlements~~~il51sc
2020-06-25 15:00:16 +0000  Running /usr/bin/codesign '-vvv' '--force' '--sign' 'E6E869BE4E7B204C388EAC522A862E12CEF660D6' '--entitlements' '/var/folders/2c/k4g7gjb55b1dk4gpyr3d86nc0000gq/T/XcodeDistPipeline.~~~EQyUeZ/entitlements~~~il51sc' '--preserve-metadata=identifier,flags,runtime' '/var/folders/2c/k4g7gjb55b1dk4gpyr3d86nc0000gq/T/XcodeDistPipeline.~~~EQyUeZ/Root/Payload/DEMO V2.0.4.app/Frameworks/ClearentIdtechIOSFramework.framework'
2020-06-25 15:00:16 +0000  /var/folders/2c/k4g7gjb55b1dk4gpyr3d86nc0000gq/T/XcodeDistPipeline.~~~EQyUeZ/Root/Payload/DEMO V2.0.4.app/Frameworks/ClearentIdtechIOSFramework.framework: replacing existing signature
2020-06-25 15:00:16 +0000  /var/folders/2c/k4g7gjb55b1dk4gpyr3d86nc0000gq/T/XcodeDistPipeline.~~~EQyUeZ/Root/Payload/DEMO V2.0.4.app/Frameworks/ClearentIdtechIOSFramework.framework: signed bundle with Mach-O universal (armv7 arm64) [com.clearent.quest.ClearentIdtechIOSFramework]
2020-06-25 15:00:16 +0000  /usr/bin/codesign exited with 0
2020-06-25 15:00:16 +0000  Entitlements for <IDEDistributionItem: 0x7ff8d7ff5420; bundleID='com.clearent.vp3300demo24', path='<DVTFilePath:0x7ff8c03891e0:'/Users/dhigginbotham/Library/Developer/Xcode/Archives/2020-06-25/VP3300 6-25-20, 9.59 AM.xcarchive/Products/Applications/DEMO V2.0.4.app'>', codeSigningInfo='<_DVTCodeSigningInformation_Path: 0x7ff8db7fd1f0; isSigned='1', isAdHocSigned='0', signingCertificate='<DVTSigningCertificate: 0x7ff8c298c030; name='Apple Development: Jill Willard (K325G46W47)', hash='E6E869BE4E7B204C388EAC522A862E12CEF660D6', serialNumber='7E346F09D6FB1401', certificateKinds='(
    "1.2.840.113635.100.6.1.12",
    "1.2.840.113635.100.6.1.2"
), issueDate='2020-03-27 21:18:49 +0000''>', entitlements='{
    "application-identifier" = "PY4645385H.com.clearent.vp3300demo24";
    "com.apple.developer.team-identifier" = PY4645385H;
    "get-task-allow" = 1;
    "keychain-access-groups" =     (
        "PY4645385H.com.clearent.vp3300demo24"
    );
}', teamID='PY4645385H', identifier='com.clearent.vp3300demo24', executablePath='<DVTFilePath:0x7ff8d7babea0:'/Users/dhigginbotham/Library/Developer/Xcode/Archives/2020-06-25/VP3300 6-25-20, 9.59 AM.xcarchive/Products/Applications/DEMO V2.0.4.app/DEMO V2.0.4'>', hardenedRuntime='0'>'>: {
    "application-identifier" = "PY4645385H.com.clearent.vp3300demo24";
    "com.apple.developer.team-identifier" = PY4645385H;
    "get-task-allow" = 1;
    "keychain-access-groups" =     (
        "PY4645385H.com.clearent.vp3300demo24"
    );
}
2020-06-25 15:00:16 +0000  Writing entitlements for <IDEDistributionItem: 0x7ff8d7ff5420; bundleID='com.clearent.vp3300demo24', path='<DVTFilePath:0x7ff8c03891e0:'/Users/dhigginbotham/Library/Developer/Xcode/Archives/2020-06-25/VP3300 6-25-20, 9.59 AM.xcarchive/Products/Applications/DEMO V2.0.4.app'>', codeSigningInfo='<_DVTCodeSigningInformation_Path: 0x7ff8db7fd1f0; isSigned='1', isAdHocSigned='0', signingCertificate='<DVTSigningCertificate: 0x7ff8db1fc890; name='Apple Development: Jill Willard (K325G46W47)', hash='E6E869BE4E7B204C388EAC522A862E12CEF660D6', serialNumber='7E346F09D6FB1401', certificateKinds='(
    "1.2.840.113635.100.6.1.12",
    "1.2.840.113635.100.6.1.2"
), issueDate='2020-03-27 21:18:49 +0000''>', entitlements='{
    "application-identifier" = "PY4645385H.com.clearent.vp3300demo24";
    "com.apple.developer.team-identifier" = PY4645385H;
    "get-task-allow" = 1;
    "keychain-access-groups" =     (
        "PY4645385H.com.clearent.vp3300demo24"
    );
}', teamID='PY4645385H', identifier='com.clearent.vp3300demo24', executablePath='<DVTFilePath:0x7ff8d7babea0:'/Users/dhigginbotham/Library/Developer/Xcode/Archives/2020-06-25/VP3300 6-25-20, 9.59 AM.xcarchive/Products/Applications/DEMO V2.0.4.app/DEMO V2.0.4'>', hardenedRuntime='0'>'> to: /var/folders/2c/k4g7gjb55b1dk4gpyr3d86nc0000gq/T/XcodeDistPipeline.~~~EQyUeZ/entitlements~~~FGtIlO
2020-06-25 15:00:16 +0000  Running /usr/bin/codesign '-vvv' '--force' '--sign' 'E6E869BE4E7B204C388EAC522A862E12CEF660D6' '--entitlements' '/var/folders/2c/k4g7gjb55b1dk4gpyr3d86nc0000gq/T/XcodeDistPipeline.~~~EQyUeZ/entitlements~~~FGtIlO' '--preserve-metadata=identifier,flags,runtime' '/var/folders/2c/k4g7gjb55b1dk4gpyr3d86nc0000gq/T/XcodeDistPipeline.~~~EQyUeZ/Root/Payload/DEMO V2.0.4.app'
2020-06-25 15:00:16 +0000  /var/folders/2c/k4g7gjb55b1dk4gpyr3d86nc0000gq/T/XcodeDistPipeline.~~~EQyUeZ/Root/Payload/DEMO V2.0.4.app: replacing existing signature
2020-06-25 15:00:16 +0000  /var/folders/2c/k4g7gjb55b1dk4gpyr3d86nc0000gq/T/XcodeDistPipeline.~~~EQyUeZ/Root/Payload/DEMO V2.0.4.app: signed app bundle with Mach-O universal (armv7 arm64) [com.clearent.vp3300demo24]
2020-06-25 15:00:16 +0000  /usr/bin/codesign exited with 0
2020-06-25 15:00:16 +0000  Processing step: IDEDistributionZipODRItemStep
2020-06-25 15:00:16 +0000  Skipping step: IDEDistributionZipODRItemStep because it said so
2020-06-25 15:00:16 +0000  Skipping step: IDEDistributionZipODRItemStep because it said so
2020-06-25 15:00:16 +0000  Processing step: IDEDistributionCreateIPAStep
2020-06-25 15:00:16 +0000  Running /usr/bin/ditto '-V' '-c' '-k' '--norsrc' '/var/folders/2c/k4g7gjb55b1dk4gpyr3d86nc0000gq/T/XcodeDistPipeline.~~~EQyUeZ/Root' '/var/folders/2c/k4g7gjb55b1dk4gpyr3d86nc0000gq/T/XcodeDistPipeline.~~~EQyUeZ/Packages/VP3300.ipa'
2020-06-25 15:00:16 +0000  >>> Copying /var/folders/2c/k4g7gjb55b1dk4gpyr3d86nc0000gq/T/XcodeDistPipeline.~~~EQyUeZ/Root 
2020-06-25 15:00:16 +0000  copying file ./Payload/DEMO V2.0.4.app/_CodeSignature/CodeResources ... 
2020-06-25 15:00:16 +0000  14697 bytes for ./Payload/DEMO V2.0.4.app/_CodeSignature/CodeResources
copying file ./Payload/DEMO V2.0.4.app/chime.mp3 ... 
2020-06-25 15:00:16 +0000  34734 bytes for ./Payload/DEMO V2.0.4.app/chime.mp3
copying file ./Payload/DEMO V2.0.4.app/icon.png ... 
2020-06-25 15:00:16 +0000  6402 bytes for ./Payload/DEMO V2.0.4.app/icon.png
copying file ./Payload/DEMO V2.0.4.app/Default-Portrait@2x.png ... 
2020-06-25 15:00:16 +0000  88290 bytes for ./Payload/DEMO V2.0.4.app/Default-Portrait@2x.png
2020-06-25 15:00:16 +0000  copying file ./Payload/DEMO V2.0.4.app/en.lproj/InfoPlist.strings ... 
42 bytes for ./Payload/DEMO V2.0.4.app/en.lproj/InfoPlist.strings
copying file ./Payload/DEMO V2.0.4.app/en.lproj/ViewController_iPad.nib ... 
2020-06-25 15:00:16 +0000  13784 bytes for ./Payload/DEMO V2.0.4.app/en.lproj/ViewController_iPad.nib
copying file ./Payload/DEMO V2.0.4.app/3591.png ... 
2020-06-25 15:00:16 +0000  12434 bytes for ./Payload/DEMO V2.0.4.app/3591.png
copying file ./Payload/DEMO V2.0.4.app/Default-Portrait.png ... 
2020-06-25 15:00:16 +0000  39590 bytes for ./Payload/DEMO V2.0.4.app/Default-Portrait.png
copying file ./Payload/DEMO V2.0.4.app/Default@2x.png ... 
2020-06-25 15:00:16 +0000  15901 bytes for ./Payload/DEMO V2.0.4.app/Default@2x.png
copying file ./Payload/DEMO V2.0.4.app/Icon-72.png ... 
2020-06-25 15:00:16 +0000  7697 bytes for ./Payload/DEMO V2.0.4.app/Icon-72.png
2020-06-25 15:00:16 +0000  copying file ./Payload/DEMO V2.0.4.app/btnClear.png ... 
260 bytes for ./Payload/DEMO V2.0.4.app/btnClear.png
copying file ./Payload/DEMO V2.0.4.app/checkmark.png ... 
2020-06-25 15:00:16 +0000  41365 bytes for ./Payload/DEMO V2.0.4.app/checkmark.png
copying file ./Payload/DEMO V2.0.4.app/pop.m4a ... 
2020-06-25 15:00:16 +0000  32749 bytes for ./Payload/DEMO V2.0.4.app/pop.m4a
copying file ./Payload/DEMO V2.0.4.app/Icon@2x.png ... 
2020-06-25 15:00:16 +0000  11601 bytes for ./Payload/DEMO V2.0.4.app/Icon@2x.png
copying file ./Payload/DEMO V2.0.4.app/Default-568h@2x.png ... 
2020-06-25 15:00:16 +0000  16636 bytes for ./Payload/DEMO V2.0.4.app/Default-568h@2x.png
copying file ./Payload/DEMO V2.0.4.app/DEMO V2.0.4 ... 
2020-06-25 15:00:16 +0000  259280 bytes for ./Payload/DEMO V2.0.4.app/DEMO V2.0.4
copying file ./Payload/DEMO V2.0.4.app/IDTechLogo.png ... 
2020-06-25 15:00:16 +0000  5867 bytes for ./Payload/DEMO V2.0.4.app/IDTechLogo.png
copying file ./Payload/DEMO V2.0.4.app/IDTechLogo.jpg ... 
2020-06-25 15:00:16 +0000  6286 bytes for ./Payload/DEMO V2.0.4.app/IDTechLogo.jpg
2020-06-25 15:00:16 +0000  copying file ./Payload/DEMO V2.0.4.app/2531170_191716885000_2.jpg ... 
2020-06-25 15:00:16 +0000  75572 bytes for ./Payload/DEMO V2.0.4.app/2531170_191716885000_2.jpg
copying file ./Payload/DEMO V2.0.4.app/insertcard.png ... 
2020-06-25 15:00:16 +0000  2692 bytes for ./Payload/DEMO V2.0.4.app/insertcard.png
2020-06-25 15:00:16 +0000  copying file ./Payload/DEMO V2.0.4.app/Frameworks/ClearentIdtechIOSFramework.framework/_CodeSignature/CodeResources ... 
2020-06-25 15:00:16 +0000  2084 bytes for ./Payload/DEMO V2.0.4.app/Frameworks/ClearentIdtechIOSFramework.framework/_CodeSignature/CodeResources
copying file ./Payload/DEMO V2.0.4.app/Frameworks/ClearentIdtechIOSFramework.framework/.gitignore ... 
446 bytes for ./Payload/DEMO V2.0.4.app/Frameworks/ClearentIdtechIOSFramework.framework/.gitignore
copying file ./Payload/DEMO V2.0.4.app/Frameworks/ClearentIdtechIOSFramework.framework/ClearentIdtechIOSFramework ... 
2020-06-25 15:00:17 +0000  2425440 bytes for ./Payload/DEMO V2.0.4.app/Frameworks/ClearentIdtechIOSFramework.framework/ClearentIdtechIOSFramework
copying file ./Payload/DEMO V2.0.4.app/Frameworks/ClearentIdtechIOSFramework.framework/Info.plist ... 
2020-06-25 15:00:17 +0000  1410 bytes for ./Payload/DEMO V2.0.4.app/Frameworks/ClearentIdtechIOSFramework.framework/Info.plist
copying file ./Payload/DEMO V2.0.4.app/embedded.mobileprovision ... 
2020-06-25 15:00:17 +0000  15638 bytes for ./Payload/DEMO V2.0.4.app/embedded.mobileprovision
copying file ./Payload/DEMO V2.0.4.app/credit-card-icon-png-1.png ... 
2020-06-25 15:00:17 +0000  9911 bytes for ./Payload/DEMO V2.0.4.app/credit-card-icon-png-1.png
2020-06-25 15:00:17 +0000  copying file ./Payload/DEMO V2.0.4.app/Default.png ... 
2020-06-25 15:00:17 +0000  14524 bytes for ./Payload/DEMO V2.0.4.app/Default.png
copying file ./Payload/DEMO V2.0.4.app/Info.plist ... 
2020-06-25 15:00:17 +0000  1299 bytes for ./Payload/DEMO V2.0.4.app/Info.plist
copying file ./Payload/DEMO V2.0.4.app/PkgInfo ... 
2020-06-25 15:00:17 +0000  8 bytes for ./Payload/DEMO V2.0.4.app/PkgInfo
copying file ./Payload/DEMO V2.0.4.app/IDTech.bundle/UniPay V1.00-EN.err ... 
2020-06-25 15:00:17 +0000  4527 bytes for ./Payload/DEMO V2.0.4.app/IDTech.bundle/UniPay V1.00-EN.err
copying file ./Payload/DEMO V2.0.4.app/IDTech.bundle/1u.xml ... 
2020-06-25 15:00:17 +0000  55419 bytes for ./Payload/DEMO V2.0.4.app/IDTech.bundle/1u.xml
copying file ./Payload/DEMO V2.0.4.app/IDTech.bundle/ResourceVersion.txt ... 
2020-06-25 15:00:17 +0000  35 bytes for ./Payload/DEMO V2.0.4.app/IDTech.bundle/ResourceVersion.txt
copying file ./Payload/DEMO V2.0.4.app/IDTech.bundle/BTPay 200 V1.00-EN.err ... 
2020-06-25 15:00:17 +0000  4527 bytes for ./Payload/DEMO V2.0.4.app/IDTech.bundle/BTPay 200 V1.00-EN.err
copying file ./Payload/DEMO V2.0.4.app/IDTech.bundle/InfoPlist.strings ... 
2020-06-25 15:00:17 +0000  42 bytes for ./Payload/DEMO V2.0.4.app/IDTech.bundle/InfoPlist.strings
copying file ./Payload/DEMO V2.0.4.app/IDTech.bundle/3u.xml ... 
2020-06-25 15:00:17 +0000  55631 bytes for ./Payload/DEMO V2.0.4.app/IDTech.bundle/3u.xml
copying file ./Payload/DEMO V2.0.4.app/IDTech.bundle/KernelLCD.kmsg ... 
2020-06-25 15:00:17 +0000  16229 bytes for ./Payload/DEMO V2.0.4.app/IDTech.bundle/KernelLCD.kmsg
copying file ./Payload/DEMO V2.0.4.app/IDTech.bundle/2u.xml ... 
2020-06-25 15:00:17 +0000  56268 bytes for ./Payload/DEMO V2.0.4.app/IDTech.bundle/2u.xml
copying file ./Payload/DEMO V2.0.4.app/IDTech.bundle/grsiStatusCodes-EN.err ... 
2020-06-25 15:00:17 +0000  15752 bytes for ./Payload/DEMO V2.0.4.app/IDTech.bundle/grsiStatusCodes-EN.err
copying file ./Payload/DEMO V2.0.4.app/IDTech.bundle/4.xml ... 
2020-06-25 15:00:17 +0000  55471 bytes for ./Payload/DEMO V2.0.4.app/IDTech.bundle/4.xml
copying file ./Payload/DEMO V2.0.4.app/IDTech.bundle/2.xml ... 
2020-06-25 15:00:17 +0000  56267 bytes for ./Payload/DEMO V2.0.4.app/IDTech.bundle/2.xml
copying file ./Payload/DEMO V2.0.4.app/IDTech.bundle/4u.xml ... 
2020-06-25 15:00:17 +0000  55471 bytes for ./Payload/DEMO V2.0.4.app/IDTech.bundle/4u.xml
copying file ./Payload/DEMO V2.0.4.app/IDTech.bundle/errors-EN.err ... 
2020-06-25 15:00:17 +0000  9688 bytes for ./Payload/DEMO V2.0.4.app/IDTech.bundle/errors-EN.err
copying file ./Payload/DEMO V2.0.4.app/IDTech.bundle/3.xml ... 
2020-06-25 15:00:17 +0000  55631 bytes for ./Payload/DEMO V2.0.4.app/IDTech.bundle/3.xml
copying file ./Payload/DEMO V2.0.4.app/IDTech.bundle/Info.plist ... 
2020-06-25 15:00:17 +0000  1084 bytes for ./Payload/DEMO V2.0.4.app/IDTech.bundle/Info.plist
copying file ./Payload/DEMO V2.0.4.app/IDTech.bundle/1.xml ... 
2020-06-25 15:00:17 +0000  55419 bytes for ./Payload/DEMO V2.0.4.app/IDTech.bundle/1.xml
2020-06-25 15:00:17 +0000  /usr/bin/ditto exited with 0
2020-06-25 15:00:17 +0000  Processing step: IDEDistributionAppStoreInformationStep
2020-06-25 15:00:17 +0000  Skipping step: IDEDistributionAppStoreInformationStep because it said so
2020-06-25 15:00:17 +0000  Processing step: IDEDistributionGenerateProcessedDistributionItems
2020-06-25 15:00:17 +0000  Processing step: IDEDistributionCreateManifestStep
